Using Theano backend.
Using cuDNN version 5005 on context None
Mapped name None to device cuda0: GeForce GTX TITAN X (0000:03:00.0)
(514, 33600)
(5534, 33600)
((514, 700, 48), (5534, 700, 48))
(0.92483989051787341, 0.11815696954727173, 0.0, 0.0)
(20.0, 0.0, 20.0, 0.0)
(array([ 0.,  0.,  0.]), array([ 0.,  0.,  1.]))
((5534, 700, 21), (5534, 700))
____________________________________________________________________________________________________
Layer (type)                     Output Shape          Param #     Connected to                     
====================================================================================================
main_input (InputLayer)          (None, 700)           0                                            
____________________________________________________________________________________________________
embedding_1 (Embedding)          (None, 700, 50)       1050        main_input[0][0]                 
____________________________________________________________________________________________________
conv1d_1 (Conv1D)                (None, 700, 64)       9664        embedding_1[0][0]                
____________________________________________________________________________________________________
conv1d_2 (Conv1D)                (None, 700, 64)       22464       embedding_1[0][0]                
____________________________________________________________________________________________________
conv1d_3 (Conv1D)                (None, 700, 64)       35264       embedding_1[0][0]                
____________________________________________________________________________________________________
concatenate_1 (Concatenate)      (None, 700, 192)      0           conv1d_1[0][0]                   
                                                                   conv1d_2[0][0]                   
                                                                   conv1d_3[0][0]                   
____________________________________________________________________________________________________
gru_1 (GRU)                      (None, 700, 300)      443700      concatenate_1[0][0]              
____________________________________________________________________________________________________
gru_2 (GRU)                      (None, 700, 300)      443700      concatenate_1[0][0]              
____________________________________________________________________________________________________
concatenate_2 (Concatenate)      (None, 700, 600)      0           gru_1[0][0]                      
                                                                   gru_2[0][0]                      
____________________________________________________________________________________________________
gru_3 (GRU)                      (None, 700, 300)      810900      concatenate_2[0][0]              
____________________________________________________________________________________________________
gru_4 (GRU)                      (None, 700, 300)      810900      concatenate_2[0][0]              
____________________________________________________________________________________________________
concatenate_3 (Concatenate)      (None, 700, 600)      0           gru_3[0][0]                      
                                                                   gru_4[0][0]                      
____________________________________________________________________________________________________
gru_5 (GRU)                      (None, 700, 300)      810900      concatenate_3[0][0]              
____________________________________________________________________________________________________
gru_6 (GRU)                      (None, 700, 300)      810900      concatenate_3[0][0]              
____________________________________________________________________________________________________
concatenate_4 (Concatenate)      (None, 700, 792)      0           gru_5[0][0]                      
                                                                   gru_6[0][0]                      
                                                                   concatenate_1[0][0]              
____________________________________________________________________________________________________
time_distributed_1 (TimeDistribu (None, 700, 200)      158600      concatenate_4[0][0]              
____________________________________________________________________________________________________
time_distributed_2 (TimeDistribu (None, 700, 200)      40200       time_distributed_1[0][0]         
____________________________________________________________________________________________________
main_output (TimeDistributed)    (None, 700, 3)        603         time_distributed_2[0][0]         
====================================================================================================
Total params: 4,398,845
Trainable params: 4,398,845
Non-trainable params: 0
____________________________________________________________________________________________________
./bestacccb6133idp546seq33e-4.h5
((5534, 700), (5534, 700, 3), (514, 700), (514, 700, 3))
Train on 5534 samples, validate on 514 samples
Epoch 1/150
Epoch 00000: val_weighted_accuracy improved from -inf to 0.56046, saving model to ./bestacccb6133idp546seq33e-4.h5
269s - loss: 0.7127 - weighted_accuracy: 0.4664 - val_loss: 0.5116 - val_weighted_accuracy: 0.5605
Epoch 2/150
Epoch 00001: val_weighted_accuracy improved from 0.56046 to 0.62499, saving model to ./bestacccb6133idp546seq33e-4.h5
269s - loss: 0.4947 - weighted_accuracy: 0.6004 - val_loss: 0.3705 - val_weighted_accuracy: 0.6250
Epoch 3/150
Epoch 00002: val_weighted_accuracy improved from 0.62499 to 0.65490, saving model to ./bestacccb6133idp546seq33e-4.h5
270s - loss: 0.3881 - weighted_accuracy: 0.6366 - val_loss: 0.2937 - val_weighted_accuracy: 0.6549
Epoch 4/150
Epoch 00003: val_weighted_accuracy improved from 0.65490 to 0.67067, saving model to ./bestacccb6133idp546seq33e-4.h5
269s - loss: 0.3235 - weighted_accuracy: 0.6627 - val_loss: 0.2487 - val_weighted_accuracy: 0.6707
Epoch 5/150
Epoch 00004: val_weighted_accuracy improved from 0.67067 to 0.67413, saving model to ./bestacccb6133idp546seq33e-4.h5
269s - loss: 0.2894 - weighted_accuracy: 0.6714 - val_loss: 0.2254 - val_weighted_accuracy: 0.6741
Epoch 6/150
Epoch 00005: val_weighted_accuracy did not improve
269s - loss: 0.2702 - weighted_accuracy: 0.6750 - val_loss: 0.2158 - val_weighted_accuracy: 0.6663
Epoch 7/150
Epoch 00006: val_weighted_accuracy improved from 0.67413 to 0.68327, saving model to ./bestacccb6133idp546seq33e-4.h5
270s - loss: 0.2565 - weighted_accuracy: 0.6807 - val_loss: 0.2000 - val_weighted_accuracy: 0.6833
Epoch 8/150
Epoch 00007: val_weighted_accuracy improved from 0.68327 to 0.68403, saving model to ./bestacccb6133idp546seq33e-4.h5
270s - loss: 0.2470 - weighted_accuracy: 0.6848 - val_loss: 0.1938 - val_weighted_accuracy: 0.6840
Epoch 9/150
Epoch 00008: val_weighted_accuracy did not improve
269s - loss: 0.2410 - weighted_accuracy: 0.6871 - val_loss: 0.1935 - val_weighted_accuracy: 0.6760
Epoch 10/150
Epoch 00009: val_weighted_accuracy improved from 0.68403 to 0.68913, saving model to ./bestacccb6133idp546seq33e-4.h5
270s - loss: 0.2375 - weighted_accuracy: 0.6878 - val_loss: 0.1851 - val_weighted_accuracy: 0.6891
Epoch 11/150
Epoch 00010: val_weighted_accuracy improved from 0.68913 to 0.69011, saving model to ./bestacccb6133idp546seq33e-4.h5
270s - loss: 0.2316 - weighted_accuracy: 0.6933 - val_loss: 0.1827 - val_weighted_accuracy: 0.6901
Epoch 12/150
Epoch 00011: val_weighted_accuracy did not improve
269s - loss: 0.2294 - weighted_accuracy: 0.6946 - val_loss: 0.1818 - val_weighted_accuracy: 0.6892
Epoch 13/150
Epoch 00012: val_weighted_accuracy did not improve
269s - loss: 0.2273 - weighted_accuracy: 0.6958 - val_loss: 0.1806 - val_weighted_accuracy: 0.6897
Epoch 14/150
Epoch 00013: val_weighted_accuracy did not improve
269s - loss: 0.2250 - weighted_accuracy: 0.6977 - val_loss: 0.1797 - val_weighted_accuracy: 0.6895
Epoch 15/150
Epoch 00014: val_weighted_accuracy improved from 0.69011 to 0.69333, saving model to ./bestacccb6133idp546seq33e-4.h5
270s - loss: 0.2232 - weighted_accuracy: 0.6997 - val_loss: 0.1770 - val_weighted_accuracy: 0.6933
Epoch 16/150
Epoch 00015: val_weighted_accuracy improved from 0.69333 to 0.69411, saving model to ./bestacccb6133idp546seq33e-4.h5
270s - loss: 0.2218 - weighted_accuracy: 0.7010 - val_loss: 0.1759 - val_weighted_accuracy: 0.6941
Epoch 17/150
Epoch 00016: val_weighted_accuracy did not improve
267s - loss: 0.2210 - weighted_accuracy: 0.7012 - val_loss: 0.1796 - val_weighted_accuracy: 0.6870
Epoch 18/150
Epoch 00017: val_weighted_accuracy improved from 0.69411 to 0.69601, saving model to ./bestacccb6133idp546seq33e-4.h5
269s - loss: 0.2193 - weighted_accuracy: 0.7034 - val_loss: 0.1749 - val_weighted_accuracy: 0.6960
Epoch 19/150
Epoch 00018: val_weighted_accuracy improved from 0.69601 to 0.69725, saving model to ./bestacccb6133idp546seq33e-4.h5
270s - loss: 0.2202 - weighted_accuracy: 0.7012 - val_loss: 0.1734 - val_weighted_accuracy: 0.6972
Epoch 20/150
Epoch 00019: val_weighted_accuracy did not improve
269s - loss: 0.2175 - weighted_accuracy: 0.7045 - val_loss: 0.1758 - val_weighted_accuracy: 0.6935
Epoch 21/150
Epoch 00020: val_weighted_accuracy did not improve
269s - loss: 0.2174 - weighted_accuracy: 0.7049 - val_loss: 0.1733 - val_weighted_accuracy: 0.6955
Epoch 22/150
Epoch 00021: val_weighted_accuracy did not improve
269s - loss: 0.2152 - weighted_accuracy: 0.7075 - val_loss: 0.1729 - val_weighted_accuracy: 0.6971
Epoch 23/150
Epoch 00022: val_weighted_accuracy improved from 0.69725 to 0.70154, saving model to ./bestacccb6133idp546seq33e-4.h5
270s - loss: 0.2139 - weighted_accuracy: 0.7092 - val_loss: 0.1704 - val_weighted_accuracy: 0.7015
Epoch 24/150
Epoch 00023: val_weighted_accuracy did not improve
269s - loss: 0.2136 - weighted_accuracy: 0.7091 - val_loss: 0.1713 - val_weighted_accuracy: 0.6988
Epoch 25/150
Epoch 00024: val_weighted_accuracy did not improve
269s - loss: 0.2132 - weighted_accuracy: 0.7099 - val_loss: 0.1702 - val_weighted_accuracy: 0.6999
Epoch 26/150
Epoch 00025: val_weighted_accuracy did not improve
269s - loss: 0.2119 - weighted_accuracy: 0.7113 - val_loss: 0.1715 - val_weighted_accuracy: 0.6968
Epoch 27/150
Epoch 00026: val_weighted_accuracy did not improve
269s - loss: 0.2121 - weighted_accuracy: 0.7109 - val_loss: 0.1709 - val_weighted_accuracy: 0.6974
Epoch 28/150
Epoch 00027: val_weighted_accuracy did not improve
269s - loss: 0.2107 - weighted_accuracy: 0.7134 - val_loss: 0.1696 - val_weighted_accuracy: 0.7013
Epoch 29/150
Epoch 00028: val_weighted_accuracy improved from 0.70154 to 0.70220, saving model to ./bestacccb6133idp546seq33e-4.h5
270s - loss: 0.2121 - weighted_accuracy: 0.7105 - val_loss: 0.1695 - val_weighted_accuracy: 0.7022
Epoch 30/150
Epoch 00029: val_weighted_accuracy did not improve
269s - loss: 0.2091 - weighted_accuracy: 0.7145 - val_loss: 0.1691 - val_weighted_accuracy: 0.7020
Epoch 31/150
Epoch 00030: val_weighted_accuracy did not improve
269s - loss: 0.2103 - weighted_accuracy: 0.7135 - val_loss: 0.1716 - val_weighted_accuracy: 0.6970
Epoch 32/150
Epoch 00031: val_weighted_accuracy did not improve
269s - loss: 0.2101 - weighted_accuracy: 0.7135 - val_loss: 0.1731 - val_weighted_accuracy: 0.6950
Epoch 33/150
Epoch 00032: val_weighted_accuracy did not improve
269s - loss: 0.2104 - weighted_accuracy: 0.7126 - val_loss: 0.1730 - val_weighted_accuracy: 0.6942
Epoch 34/150
Epoch 00033: val_weighted_accuracy did not improve
269s - loss: 0.2095 - weighted_accuracy: 0.7136 - val_loss: 0.1690 - val_weighted_accuracy: 0.7014
Epoch 35/150
Epoch 00034: val_weighted_accuracy did not improve
269s - loss: 0.2083 - weighted_accuracy: 0.7155 - val_loss: 0.1718 - val_weighted_accuracy: 0.6975
Epoch 36/150
Epoch 00035: val_weighted_accuracy did not improve
269s - loss: 0.2077 - weighted_accuracy: 0.7169 - val_loss: 0.1696 - val_weighted_accuracy: 0.6999
Epoch 37/150
Epoch 00036: val_weighted_accuracy did not improve
269s - loss: 0.2073 - weighted_accuracy: 0.7170 - val_loss: 0.1722 - val_weighted_accuracy: 0.6960
Epoch 38/150
Epoch 00037: val_weighted_accuracy did not improve
269s - loss: 0.2088 - weighted_accuracy: 0.7147 - val_loss: 0.1688 - val_weighted_accuracy: 0.7015
Epoch 39/150
Epoch 00038: val_weighted_accuracy did not improve
269s - loss: 0.2075 - weighted_accuracy: 0.7173 - val_loss: 0.1699 - val_weighted_accuracy: 0.6996
Epoch 40/150
Epoch 00039: val_weighted_accuracy did not improve
269s - loss: 0.2062 - weighted_accuracy: 0.7188 - val_loss: 0.1705 - val_weighted_accuracy: 0.6976
Epoch 41/150
Epoch 00040: val_weighted_accuracy did not improve
269s - loss: 0.2059 - weighted_accuracy: 0.7191 - val_loss: 0.1730 - val_weighted_accuracy: 0.6952
Epoch 42/150
Epoch 00041: val_weighted_accuracy did not improve
269s - loss: 0.2050 - weighted_accuracy: 0.7209 - val_loss: 0.1691 - val_weighted_accuracy: 0.7020
Epoch 43/150
Epoch 00042: val_weighted_accuracy did not improve
269s - loss: 0.2054 - weighted_accuracy: 0.7193 - val_loss: 0.1686 - val_weighted_accuracy: 0.7013
Epoch 44/150
Epoch 00043: val_weighted_accuracy did not improve
269s - loss: 0.2070 - weighted_accuracy: 0.7178 - val_loss: 0.1751 - val_weighted_accuracy: 0.6896
Epoch 45/150
Epoch 00044: val_weighted_accuracy did not improve
269s - loss: 0.2061 - weighted_accuracy: 0.7189 - val_loss: 0.1691 - val_weighted_accuracy: 0.7016
Epoch 46/150
Epoch 00045: val_weighted_accuracy did not improve
269s - loss: 0.2048 - weighted_accuracy: 0.7206 - val_loss: 0.1697 - val_weighted_accuracy: 0.7018
Epoch 47/150
Epoch 00046: val_weighted_accuracy did not improve
269s - loss: 0.2047 - weighted_accuracy: 0.7210 - val_loss: 0.1679 - val_weighted_accuracy: 0.7021
Epoch 48/150
Epoch 00047: val_weighted_accuracy did not improve
269s - loss: 0.2042 - weighted_accuracy: 0.7214 - val_loss: 0.1686 - val_weighted_accuracy: 0.7016
Epoch 49/150
Epoch 00048: val_weighted_accuracy did not improve
269s - loss: 0.2056 - weighted_accuracy: 0.7198 - val_loss: 0.1720 - val_weighted_accuracy: 0.6968
Epoch 50/150
Epoch 00049: val_weighted_accuracy improved from 0.70220 to 0.70338, saving model to ./bestacccb6133idp546seq33e-4.h5
270s - loss: 0.2035 - weighted_accuracy: 0.7227 - val_loss: 0.1678 - val_weighted_accuracy: 0.7034
Epoch 51/150
Epoch 00050: val_weighted_accuracy did not improve
269s - loss: 0.2026 - weighted_accuracy: 0.7239 - val_loss: 0.1698 - val_weighted_accuracy: 0.6988
Epoch 52/150
Epoch 00051: val_weighted_accuracy did not improve
269s - loss: 0.2019 - weighted_accuracy: 0.7253 - val_loss: 0.1678 - val_weighted_accuracy: 0.7032
Epoch 53/150
Epoch 00052: val_weighted_accuracy did not improve
269s - loss: 0.2019 - weighted_accuracy: 0.7245 - val_loss: 0.1688 - val_weighted_accuracy: 0.7016
Epoch 54/150
Epoch 00053: val_weighted_accuracy did not improve
269s - loss: 0.2028 - weighted_accuracy: 0.7235 - val_loss: 0.1675 - val_weighted_accuracy: 0.7028
Epoch 55/150
Epoch 00054: val_weighted_accuracy did not improve
269s - loss: 0.2016 - weighted_accuracy: 0.7254 - val_loss: 0.1683 - val_weighted_accuracy: 0.7016
Epoch 56/150
Epoch 00055: val_weighted_accuracy improved from 0.70338 to 0.70404, saving model to ./bestacccb6133idp546seq33e-4.h5
270s - loss: 0.2012 - weighted_accuracy: 0.7261 - val_loss: 0.1669 - val_weighted_accuracy: 0.7040
Epoch 57/150
Epoch 00056: val_weighted_accuracy did not improve
269s - loss: 0.2026 - weighted_accuracy: 0.7242 - val_loss: 0.1682 - val_weighted_accuracy: 0.7032
Epoch 58/150
Epoch 00057: val_weighted_accuracy did not improve
269s - loss: 0.2012 - weighted_accuracy: 0.7261 - val_loss: 0.1692 - val_weighted_accuracy: 0.7018
Epoch 59/150
Epoch 00058: val_weighted_accuracy did not improve
269s - loss: 0.2019 - weighted_accuracy: 0.7249 - val_loss: 0.1709 - val_weighted_accuracy: 0.6989
Epoch 60/150
Epoch 00059: val_weighted_accuracy improved from 0.70404 to 0.70489, saving model to ./bestacccb6133idp546seq33e-4.h5
270s - loss: 0.2022 - weighted_accuracy: 0.7249 - val_loss: 0.1672 - val_weighted_accuracy: 0.7049
Epoch 61/150
Epoch 00060: val_weighted_accuracy did not improve
269s - loss: 0.2020 - weighted_accuracy: 0.7244 - val_loss: 0.1677 - val_weighted_accuracy: 0.7040
Epoch 62/150
Epoch 00061: val_weighted_accuracy did not improve
269s - loss: 0.2005 - weighted_accuracy: 0.7268 - val_loss: 0.1677 - val_weighted_accuracy: 0.7026
Epoch 63/150
Epoch 00062: val_weighted_accuracy did not improve
269s - loss: 0.2003 - weighted_accuracy: 0.7275 - val_loss: 0.1674 - val_weighted_accuracy: 0.7043
Epoch 64/150
Epoch 00063: val_weighted_accuracy did not improve
269s - loss: 0.2003 - weighted_accuracy: 0.7277 - val_loss: 0.1679 - val_weighted_accuracy: 0.7037
Epoch 65/150
Epoch 00064: val_weighted_accuracy did not improve
269s - loss: 0.1997 - weighted_accuracy: 0.7282 - val_loss: 0.1700 - val_weighted_accuracy: 0.7005
Epoch 66/150
Epoch 00065: val_weighted_accuracy did not improve
269s - loss: 0.1995 - weighted_accuracy: 0.7285 - val_loss: 0.1684 - val_weighted_accuracy: 0.7032
Epoch 67/150
Epoch 00066: val_weighted_accuracy did not improve
269s - loss: 0.2002 - weighted_accuracy: 0.7271 - val_loss: 0.1674 - val_weighted_accuracy: 0.7036
Epoch 68/150
Epoch 00067: val_weighted_accuracy did not improve
269s - loss: 0.1994 - weighted_accuracy: 0.7282 - val_loss: 0.1733 - val_weighted_accuracy: 0.6966
Epoch 69/150
Epoch 00068: val_weighted_accuracy did not improve
269s - loss: 0.2021 - weighted_accuracy: 0.7249 - val_loss: 0.1708 - val_weighted_accuracy: 0.6989
Epoch 70/150
Epoch 00069: val_weighted_accuracy improved from 0.70489 to 0.70629, saving model to ./bestacccb6133idp546seq33e-4.h5
270s - loss: 0.2000 - weighted_accuracy: 0.7283 - val_loss: 0.1672 - val_weighted_accuracy: 0.7063
Epoch 71/150
Epoch 00070: val_weighted_accuracy did not improve
269s - loss: 0.1982 - weighted_accuracy: 0.7307 - val_loss: 0.1681 - val_weighted_accuracy: 0.7034
Epoch 72/150
Epoch 00071: val_weighted_accuracy did not improve
269s - loss: 0.1989 - weighted_accuracy: 0.7291 - val_loss: 0.1678 - val_weighted_accuracy: 0.7037
Epoch 73/150
Epoch 00072: val_weighted_accuracy did not improve
269s - loss: 0.1986 - weighted_accuracy: 0.7300 - val_loss: 0.1677 - val_weighted_accuracy: 0.7052
Epoch 74/150
Epoch 00073: val_weighted_accuracy did not improve
269s - loss: 0.1989 - weighted_accuracy: 0.7296 - val_loss: 0.1702 - val_weighted_accuracy: 0.6999
Epoch 75/150
Epoch 00074: val_weighted_accuracy did not improve
269s - loss: 0.1979 - weighted_accuracy: 0.7308 - val_loss: 0.1682 - val_weighted_accuracy: 0.7036
Epoch 76/150
Epoch 00075: val_weighted_accuracy did not improve
269s - loss: 0.1974 - weighted_accuracy: 0.7317 - val_loss: 0.1673 - val_weighted_accuracy: 0.7035
Epoch 77/150
Epoch 00076: val_weighted_accuracy did not improve
269s - loss: 0.1980 - weighted_accuracy: 0.7307 - val_loss: 0.1675 - val_weighted_accuracy: 0.7049
Epoch 78/150
Epoch 00077: val_weighted_accuracy did not improve
269s - loss: 0.1971 - weighted_accuracy: 0.7320 - val_loss: 0.1679 - val_weighted_accuracy: 0.7043
Epoch 79/150
Epoch 00078: val_weighted_accuracy did not improve
269s - loss: 0.1975 - weighted_accuracy: 0.7316 - val_loss: 0.1688 - val_weighted_accuracy: 0.7020
Epoch 80/150
Epoch 00079: val_weighted_accuracy did not improve
269s - loss: 0.1980 - weighted_accuracy: 0.7305 - val_loss: 0.1695 - val_weighted_accuracy: 0.7029
Epoch 81/150
Epoch 00080: val_weighted_accuracy did not improve
269s - loss: 0.1974 - weighted_accuracy: 0.7316 - val_loss: 0.1694 - val_weighted_accuracy: 0.7013
Epoch 82/150
Epoch 00081: val_weighted_accuracy did not improve
269s - loss: 0.1968 - weighted_accuracy: 0.7326 - val_loss: 0.1677 - val_weighted_accuracy: 0.7039
Epoch 83/150
Epoch 00082: val_weighted_accuracy did not improve
269s - loss: 0.1963 - weighted_accuracy: 0.7334 - val_loss: 0.1695 - val_weighted_accuracy: 0.7010
Epoch 84/150
Epoch 00083: val_weighted_accuracy did not improve
269s - loss: 0.1960 - weighted_accuracy: 0.7339 - val_loss: 0.1682 - val_weighted_accuracy: 0.7039
Epoch 85/150
Epoch 00084: val_weighted_accuracy did not improve
269s - loss: 0.1966 - weighted_accuracy: 0.7326 - val_loss: 0.1711 - val_weighted_accuracy: 0.6989
Epoch 86/150
Epoch 00085: val_weighted_accuracy did not improve
269s - loss: 0.1957 - weighted_accuracy: 0.7336 - val_loss: 0.1701 - val_weighted_accuracy: 0.7021
Epoch 87/150
Epoch 00086: val_weighted_accuracy did not improve
269s - loss: 0.1957 - weighted_accuracy: 0.7335 - val_loss: 0.1687 - val_weighted_accuracy: 0.7016
Epoch 88/150
Epoch 00087: val_weighted_accuracy did not improve
269s - loss: 0.1966 - weighted_accuracy: 0.7326 - val_loss: 0.1679 - val_weighted_accuracy: 0.7021
Epoch 89/150
Epoch 00088: val_weighted_accuracy did not improve
269s - loss: 0.1956 - weighted_accuracy: 0.7345 - val_loss: 0.1676 - val_weighted_accuracy: 0.7047
Epoch 90/150
Epoch 00089: val_weighted_accuracy did not improve
269s - loss: 0.1946 - weighted_accuracy: 0.7358 - val_loss: 0.1700 - val_weighted_accuracy: 0.7009
Epoch 91/150
Epoch 00090: val_weighted_accuracy did not improve
269s - loss: 0.1956 - weighted_accuracy: 0.7341 - val_loss: 0.1685 - val_weighted_accuracy: 0.7029
Epoch 92/150
Epoch 00091: val_weighted_accuracy did not improve
269s - loss: 0.1951 - weighted_accuracy: 0.7349 - val_loss: 0.1696 - val_weighted_accuracy: 0.7023
Epoch 93/150
Epoch 00092: val_weighted_accuracy did not improve
269s - loss: 0.1949 - weighted_accuracy: 0.7349 - val_loss: 0.1692 - val_weighted_accuracy: 0.7026
Epoch 94/150
Epoch 00093: val_weighted_accuracy did not improve
269s - loss: 0.1954 - weighted_accuracy: 0.7344 - val_loss: 0.1680 - val_weighted_accuracy: 0.7054
Epoch 95/150
Epoch 00094: val_weighted_accuracy did not improve
269s - loss: 0.1949 - weighted_accuracy: 0.7354 - val_loss: 0.1679 - val_weighted_accuracy: 0.7033
Epoch 96/150
Epoch 00095: val_weighted_accuracy did not improve
269s - loss: 0.1954 - weighted_accuracy: 0.7345 - val_loss: 0.1715 - val_weighted_accuracy: 0.6990
Epoch 97/150
Epoch 00096: val_weighted_accuracy did not improve
269s - loss: 0.1948 - weighted_accuracy: 0.7351 - val_loss: 0.1694 - val_weighted_accuracy: 0.7017
Epoch 98/150
Epoch 00097: val_weighted_accuracy did not improve
269s - loss: 0.1946 - weighted_accuracy: 0.7356 - val_loss: 0.1676 - val_weighted_accuracy: 0.7044
Epoch 99/150
Epoch 00098: val_weighted_accuracy did not improve
269s - loss: 0.1939 - weighted_accuracy: 0.7364 - val_loss: 0.1685 - val_weighted_accuracy: 0.7038
Epoch 100/150
Epoch 00099: val_weighted_accuracy did not improve
269s - loss: 0.1935 - weighted_accuracy: 0.7375 - val_loss: 0.1696 - val_weighted_accuracy: 0.7025
Epoch 101/150
Epoch 00100: val_weighted_accuracy did not improve
269s - loss: 0.1937 - weighted_accuracy: 0.7371 - val_loss: 0.1677 - val_weighted_accuracy: 0.7045
Epoch 102/150
Epoch 00101: val_weighted_accuracy did not improve
269s - loss: 0.1937 - weighted_accuracy: 0.7366 - val_loss: 0.1692 - val_weighted_accuracy: 0.7012
Epoch 103/150
Epoch 00102: val_weighted_accuracy did not improve
269s - loss: 0.1929 - weighted_accuracy: 0.7381 - val_loss: 0.1696 - val_weighted_accuracy: 0.7020
Epoch 104/150
Epoch 00103: val_weighted_accuracy did not improve
269s - loss: 0.1931 - weighted_accuracy: 0.7373 - val_loss: 0.1679 - val_weighted_accuracy: 0.7039
Epoch 105/150
Epoch 00104: val_weighted_accuracy did not improve
269s - loss: 0.1933 - weighted_accuracy: 0.7371 - val_loss: 0.1690 - val_weighted_accuracy: 0.7042
Epoch 106/150
Epoch 00105: val_weighted_accuracy did not improve
269s - loss: 0.1928 - weighted_accuracy: 0.7381 - val_loss: 0.1680 - val_weighted_accuracy: 0.7049
Epoch 107/150
Epoch 00106: val_weighted_accuracy did not improve
269s - loss: 0.1934 - weighted_accuracy: 0.7379 - val_loss: 0.1701 - val_weighted_accuracy: 0.7012
Epoch 108/150
Epoch 00107: val_weighted_accuracy did not improve
269s - loss: 0.1927 - weighted_accuracy: 0.7380 - val_loss: 0.1676 - val_weighted_accuracy: 0.7048
Epoch 109/150
Epoch 00108: val_weighted_accuracy did not improve
269s - loss: 0.1918 - weighted_accuracy: 0.7396 - val_loss: 0.1696 - val_weighted_accuracy: 0.7040
Epoch 110/150
Epoch 00109: val_weighted_accuracy did not improve
269s - loss: 0.1920 - weighted_accuracy: 0.7394 - val_loss: 0.1683 - val_weighted_accuracy: 0.7046
Epoch 111/150
Epoch 00110: val_weighted_accuracy did not improve
269s - loss: 0.1923 - weighted_accuracy: 0.7389 - val_loss: 0.1690 - val_weighted_accuracy: 0.7036
Epoch 112/150
Epoch 00111: val_weighted_accuracy did not improve
269s - loss: 0.1920 - weighted_accuracy: 0.7395 - val_loss: 0.1690 - val_weighted_accuracy: 0.7038
Epoch 113/150
Epoch 00112: val_weighted_accuracy did not improve
269s - loss: 0.1930 - weighted_accuracy: 0.7379 - val_loss: 0.1678 - val_weighted_accuracy: 0.7044
Epoch 114/150
Epoch 00113: val_weighted_accuracy did not improve
269s - loss: 0.1921 - weighted_accuracy: 0.7396 - val_loss: 0.1704 - val_weighted_accuracy: 0.7031
Epoch 115/150
Epoch 00114: val_weighted_accuracy did not improve
269s - loss: 0.1917 - weighted_accuracy: 0.7397 - val_loss: 0.1694 - val_weighted_accuracy: 0.7041
Epoch 116/150
Epoch 00115: val_weighted_accuracy did not improve
269s - loss: 0.1917 - weighted_accuracy: 0.7400 - val_loss: 0.1690 - val_weighted_accuracy: 0.7039
Epoch 117/150
Epoch 00116: val_weighted_accuracy did not improve
269s - loss: 0.1914 - weighted_accuracy: 0.7398 - val_loss: 0.1685 - val_weighted_accuracy: 0.7044
Epoch 118/150
Epoch 00117: val_weighted_accuracy did not improve
269s - loss: 0.1912 - weighted_accuracy: 0.7407 - val_loss: 0.1671 - val_weighted_accuracy: 0.7060
Epoch 119/150
Epoch 00118: val_weighted_accuracy did not improve
269s - loss: 0.1916 - weighted_accuracy: 0.7395 - val_loss: 0.1692 - val_weighted_accuracy: 0.7044
Epoch 120/150
Epoch 00119: val_weighted_accuracy improved from 0.70629 to 0.70695, saving model to ./bestacccb6133idp546seq33e-4.h5
270s - loss: 0.1904 - weighted_accuracy: 0.7420 - val_loss: 0.1670 - val_weighted_accuracy: 0.7069
Epoch 121/150
Epoch 00120: val_weighted_accuracy did not improve
269s - loss: 0.1921 - weighted_accuracy: 0.7395 - val_loss: 0.1701 - val_weighted_accuracy: 0.7013
Epoch 122/150
Epoch 00121: val_weighted_accuracy did not improve
269s - loss: 0.1924 - weighted_accuracy: 0.7391 - val_loss: 0.1687 - val_weighted_accuracy: 0.7029
Epoch 123/150
Epoch 00122: val_weighted_accuracy did not improve
269s - loss: 0.1902 - weighted_accuracy: 0.7419 - val_loss: 0.1674 - val_weighted_accuracy: 0.7059
Epoch 124/150
Epoch 00123: val_weighted_accuracy did not improve
269s - loss: 0.1902 - weighted_accuracy: 0.7424 - val_loss: 0.1672 - val_weighted_accuracy: 0.7051
Epoch 125/150
Epoch 00124: val_weighted_accuracy did not improve
269s - loss: 0.1895 - weighted_accuracy: 0.7432 - val_loss: 0.1682 - val_weighted_accuracy: 0.7050
Epoch 126/150
Epoch 00125: val_weighted_accuracy did not improve
269s - loss: 0.1895 - weighted_accuracy: 0.7429 - val_loss: 0.1675 - val_weighted_accuracy: 0.7067
Epoch 127/150
Epoch 00126: val_weighted_accuracy did not improve
269s - loss: 0.1895 - weighted_accuracy: 0.7430 - val_loss: 0.1679 - val_weighted_accuracy: 0.7063
Epoch 128/150
Epoch 00127: val_weighted_accuracy did not improve
269s - loss: 0.1898 - weighted_accuracy: 0.7430 - val_loss: 0.1673 - val_weighted_accuracy: 0.7067
Epoch 129/150
Epoch 00128: val_weighted_accuracy improved from 0.70695 to 0.70851, saving model to ./bestacccb6133idp546seq33e-4.h5
270s - loss: 0.1896 - weighted_accuracy: 0.7431 - val_loss: 0.1667 - val_weighted_accuracy: 0.7085
Epoch 130/150
Epoch 00129: val_weighted_accuracy did not improve
269s - loss: 0.1894 - weighted_accuracy: 0.7428 - val_loss: 0.1684 - val_weighted_accuracy: 0.7066
Epoch 131/150
Epoch 00130: val_weighted_accuracy did not improve
269s - loss: 0.1900 - weighted_accuracy: 0.7420 - val_loss: 0.1680 - val_weighted_accuracy: 0.7072
Epoch 132/150
Epoch 00131: val_weighted_accuracy improved from 0.70851 to 0.70883, saving model to ./bestacccb6133idp546seq33e-4.h5
270s - loss: 0.1892 - weighted_accuracy: 0.7432 - val_loss: 0.1657 - val_weighted_accuracy: 0.7088
Epoch 133/150
Epoch 00132: val_weighted_accuracy did not improve
269s - loss: 0.1901 - weighted_accuracy: 0.7424 - val_loss: 0.1685 - val_weighted_accuracy: 0.7035
Epoch 134/150
Epoch 00133: val_weighted_accuracy did not improve
269s - loss: 0.1900 - weighted_accuracy: 0.7419 - val_loss: 0.1667 - val_weighted_accuracy: 0.7079
Epoch 135/150
Epoch 00134: val_weighted_accuracy did not improve
269s - loss: 0.1887 - weighted_accuracy: 0.7448 - val_loss: 0.1678 - val_weighted_accuracy: 0.7054
Epoch 136/150
Epoch 00135: val_weighted_accuracy did not improve
269s - loss: 0.1882 - weighted_accuracy: 0.7445 - val_loss: 0.1678 - val_weighted_accuracy: 0.7058
Epoch 137/150
Epoch 00136: val_weighted_accuracy did not improve
269s - loss: 0.1880 - weighted_accuracy: 0.7452 - val_loss: 0.1673 - val_weighted_accuracy: 0.7061
Epoch 138/150
Epoch 00137: val_weighted_accuracy did not improve
269s - loss: 0.1889 - weighted_accuracy: 0.7447 - val_loss: 0.1666 - val_weighted_accuracy: 0.7068
Epoch 139/150
Epoch 00138: val_weighted_accuracy did not improve
269s - loss: 0.1884 - weighted_accuracy: 0.7448 - val_loss: 0.1688 - val_weighted_accuracy: 0.7024
Epoch 140/150
Epoch 00139: val_weighted_accuracy did not improve
269s - loss: 0.1888 - weighted_accuracy: 0.7434 - val_loss: 0.1682 - val_weighted_accuracy: 0.7080
Epoch 141/150
Epoch 00140: val_weighted_accuracy did not improve
269s - loss: 0.1876 - weighted_accuracy: 0.7455 - val_loss: 0.1681 - val_weighted_accuracy: 0.7070
Epoch 142/150
Epoch 00141: val_weighted_accuracy did not improve
269s - loss: 0.1873 - weighted_accuracy: 0.7462 - val_loss: 0.1676 - val_weighted_accuracy: 0.7077
Epoch 143/150
Epoch 00142: val_weighted_accuracy did not improve
269s - loss: 0.1877 - weighted_accuracy: 0.7458 - val_loss: 0.1680 - val_weighted_accuracy: 0.7057
Epoch 144/150
Epoch 00143: val_weighted_accuracy did not improve
269s - loss: 0.1886 - weighted_accuracy: 0.7442 - val_loss: 0.1683 - val_weighted_accuracy: 0.7049
Epoch 145/150
Epoch 00144: val_weighted_accuracy did not improve
269s - loss: 0.1873 - weighted_accuracy: 0.7459 - val_loss: 0.1675 - val_weighted_accuracy: 0.7083
Epoch 146/150
Epoch 00145: val_weighted_accuracy did not improve
269s - loss: 0.1882 - weighted_accuracy: 0.7442 - val_loss: 0.1670 - val_weighted_accuracy: 0.7064
Epoch 147/150
Epoch 00146: val_weighted_accuracy did not improve
269s - loss: 0.1872 - weighted_accuracy: 0.7464 - val_loss: 0.1689 - val_weighted_accuracy: 0.7066
Epoch 148/150
Epoch 00147: val_weighted_accuracy did not improve
269s - loss: 0.1864 - weighted_accuracy: 0.7475 - val_loss: 0.1688 - val_weighted_accuracy: 0.7033
Epoch 149/150
Epoch 00148: val_weighted_accuracy did not improve
269s - loss: 0.1873 - weighted_accuracy: 0.7460 - val_loss: 0.1680 - val_weighted_accuracy: 0.7084
Epoch 150/150
Epoch 00149: val_weighted_accuracy did not improve
269s - loss: 0.1864 - weighted_accuracy: 0.7472 - val_loss: 0.1703 - val_weighted_accuracy: 0.7042
