Using Theano backend.
Using cuDNN version 5110 on context None
Mapped name None to device cuda2: Graphics Device (0000:07:00.0)
____________________________________________________________________________________________________
Layer (type)                     Output Shape          Param #     Connected to                     
====================================================================================================
main_input (InputLayer)          (None, 700)           0                                            
____________________________________________________________________________________________________
embedding_1 (Embedding)          (None, 700, 50)       1050        main_input[0][0]                 
____________________________________________________________________________________________________
aux_input (InputLayer)           (None, 700, 21)       0                                            
____________________________________________________________________________________________________
concatenate_1 (Concatenate)      (None, 700, 71)       0           embedding_1[0][0]                
                                                                   aux_input[0][0]                  
____________________________________________________________________________________________________
conv1d_1 (Conv1D)                (None, 700, 64)       13696       concatenate_1[0][0]              
____________________________________________________________________________________________________
conv1d_2 (Conv1D)                (None, 700, 64)       31872       concatenate_1[0][0]              
____________________________________________________________________________________________________
conv1d_3 (Conv1D)                (None, 700, 64)       50048       concatenate_1[0][0]              
____________________________________________________________________________________________________
concatenate_2 (Concatenate)      (None, 700, 192)      0           conv1d_1[0][0]                   
                                                                   conv1d_2[0][0]                   
                                                                   conv1d_3[0][0]                   
____________________________________________________________________________________________________
gru_1 (GRU)                      (None, 700, 300)      443700      concatenate_2[0][0]              
____________________________________________________________________________________________________
gru_2 (GRU)                      (None, 700, 300)      443700      concatenate_2[0][0]              
____________________________________________________________________________________________________
concatenate_3 (Concatenate)      (None, 700, 600)      0           gru_1[0][0]                      
                                                                   gru_2[0][0]                      
____________________________________________________________________________________________________
gru_3 (GRU)                      (None, 700, 300)      810900      concatenate_3[0][0]              
____________________________________________________________________________________________________
gru_4 (GRU)                      (None, 700, 300)      810900      concatenate_3[0][0]              
____________________________________________________________________________________________________
concatenate_4 (Concatenate)      (None, 700, 600)      0           gru_3[0][0]                      
                                                                   gru_4[0][0]                      
____________________________________________________________________________________________________
gru_5 (GRU)                      (None, 700, 300)      810900      concatenate_4[0][0]              
____________________________________________________________________________________________________
gru_6 (GRU)                      (None, 700, 300)      810900      concatenate_4[0][0]              
____________________________________________________________________________________________________
concatenate_5 (Concatenate)      (None, 700, 792)      0           gru_5[0][0]                      
                                                                   gru_6[0][0]                      
                                                                   concatenate_2[0][0]              
____________________________________________________________________________________________________
time_distributed_1 (TimeDistribu (None, 700, 200)      158600      concatenate_5[0][0]              
____________________________________________________________________________________________________
time_distributed_2 (TimeDistribu (None, 700, 200)      40200       time_distributed_1[0][0]         
____________________________________________________________________________________________________
main_output (TimeDistributed)    (None, 700, 8)        1608        time_distributed_2[0][0]         
____________________________________________________________________________________________________
aux_output (TimeDistributed)     (None, 700, 4)        804         time_distributed_2[0][0]         
====================================================================================================
Total params: 4,428,878
Trainable params: 4,428,878
Non-trainable params: 0
____________________________________________________________________________________________________
./bestaccseqpssmmultitask83e-4.h5
((5534, 700), (5534, 700, 21), (5534, 700, 8), (5534, 700, 4), (514, 700), (514, 700, 21), (514, 700, 8), (514, 700, 4))
Train on 5534 samples, validate on 514 samples
Epoch 1/150
Epoch 00000: val_main_output_weighted_accuracy improved from -inf to 0.43092, saving model to ./bestaccseqpssmmultitask83e-4.h5
188s - loss: 1.2345 - main_output_loss: 0.5085 - aux_output_loss: 0.2945 - main_output_weighted_accuracy: 0.3504 - aux_output_weighted_accuracy: 0.5702 - val_loss: 1.0827 - val_main_output_loss: 0.3447 - val_aux_output_loss: 0.3834 - val_main_output_weighted_accuracy: 0.4309 - val_aux_output_weighted_accuracy: 0.1528
Epoch 2/150
Epoch 00001: val_main_output_weighted_accuracy improved from 0.43092 to 0.55057, saving model to ./bestaccseqpssmmultitask83e-4.h5
187s - loss: 0.9263 - main_output_loss: 0.3863 - aux_output_loss: 0.2358 - main_output_weighted_accuracy: 0.5288 - aux_output_weighted_accuracy: 0.6853 - val_loss: 0.9383 - val_main_output_loss: 0.2872 - val_aux_output_loss: 0.3926 - val_main_output_weighted_accuracy: 0.5506 - val_aux_output_weighted_accuracy: 0.2165
Epoch 3/150
Epoch 00002: val_main_output_weighted_accuracy improved from 0.55057 to 0.59663, saving model to ./bestaccseqpssmmultitask83e-4.h5
187s - loss: 0.7803 - main_output_loss: 0.3374 - aux_output_loss: 0.2165 - main_output_weighted_accuracy: 0.5979 - aux_output_weighted_accuracy: 0.7191 - val_loss: 0.9248 - val_main_output_loss: 0.2616 - val_aux_output_loss: 0.4661 - val_main_output_weighted_accuracy: 0.5966 - val_aux_output_weighted_accuracy: 0.2076
Epoch 4/150
Epoch 00003: val_main_output_weighted_accuracy improved from 0.59663 to 0.61420, saving model to ./bestaccseqpssmmultitask83e-4.h5
188s - loss: 0.6991 - main_output_loss: 0.3132 - aux_output_loss: 0.2101 - main_output_weighted_accuracy: 0.6304 - aux_output_weighted_accuracy: 0.7272 - val_loss: 0.8699 - val_main_output_loss: 0.2503 - val_aux_output_loss: 0.4635 - val_main_output_weighted_accuracy: 0.6142 - val_aux_output_weighted_accuracy: 0.2223
Epoch 5/150
Epoch 00004: val_main_output_weighted_accuracy improved from 0.61420 to 0.62560, saving model to ./bestaccseqpssmmultitask83e-4.h5
188s - loss: 0.6486 - main_output_loss: 0.2999 - aux_output_loss: 0.2071 - main_output_weighted_accuracy: 0.6455 - aux_output_weighted_accuracy: 0.7310 - val_loss: 0.8924 - val_main_output_loss: 0.2426 - val_aux_output_loss: 0.5216 - val_main_output_weighted_accuracy: 0.6256 - val_aux_output_weighted_accuracy: 0.2002
Epoch 6/150
Epoch 00005: val_main_output_weighted_accuracy improved from 0.62560 to 0.63348, saving model to ./bestaccseqpssmmultitask83e-4.h5
188s - loss: 0.6155 - main_output_loss: 0.2919 - aux_output_loss: 0.2056 - main_output_weighted_accuracy: 0.6551 - aux_output_weighted_accuracy: 0.7328 - val_loss: 0.8837 - val_main_output_loss: 0.2379 - val_aux_output_loss: 0.5373 - val_main_output_weighted_accuracy: 0.6335 - val_aux_output_weighted_accuracy: 0.1961
Epoch 7/150
Epoch 00006: val_main_output_weighted_accuracy improved from 0.63348 to 0.63597, saving model to ./bestaccseqpssmmultitask83e-4.h5
187s - loss: 0.5929 - main_output_loss: 0.2874 - aux_output_loss: 0.2042 - main_output_weighted_accuracy: 0.6606 - aux_output_weighted_accuracy: 0.7347 - val_loss: 0.8266 - val_main_output_loss: 0.2362 - val_aux_output_loss: 0.4961 - val_main_output_weighted_accuracy: 0.6360 - val_aux_output_weighted_accuracy: 0.2147
Epoch 8/150
Epoch 00007: val_main_output_weighted_accuracy did not improve
187s - loss: 0.5737 - main_output_loss: 0.2826 - aux_output_loss: 0.2023 - main_output_weighted_accuracy: 0.6658 - aux_output_weighted_accuracy: 0.7371 - val_loss: 0.8814 - val_main_output_loss: 0.2410 - val_aux_output_loss: 0.5569 - val_main_output_weighted_accuracy: 0.6299 - val_aux_output_weighted_accuracy: 0.1949
Epoch 9/150
Epoch 00008: val_main_output_weighted_accuracy improved from 0.63597 to 0.64425, saving model to ./bestaccseqpssmmultitask83e-4.h5
188s - loss: 0.5598 - main_output_loss: 0.2797 - aux_output_loss: 0.2009 - main_output_weighted_accuracy: 0.6689 - aux_output_weighted_accuracy: 0.7388 - val_loss: 0.8583 - val_main_output_loss: 0.2312 - val_aux_output_loss: 0.5522 - val_main_output_weighted_accuracy: 0.6443 - val_aux_output_weighted_accuracy: 0.2098
Epoch 10/150
Epoch 00009: val_main_output_weighted_accuracy improved from 0.64425 to 0.64679, saving model to ./bestaccseqpssmmultitask83e-4.h5
188s - loss: 0.5478 - main_output_loss: 0.2765 - aux_output_loss: 0.1999 - main_output_weighted_accuracy: 0.6722 - aux_output_weighted_accuracy: 0.7401 - val_loss: 0.8754 - val_main_output_loss: 0.2294 - val_aux_output_loss: 0.5780 - val_main_output_weighted_accuracy: 0.6468 - val_aux_output_weighted_accuracy: 0.1956
Epoch 11/150
Epoch 00010: val_main_output_weighted_accuracy did not improve
188s - loss: 0.5373 - main_output_loss: 0.2735 - aux_output_loss: 0.1988 - main_output_weighted_accuracy: 0.6754 - aux_output_weighted_accuracy: 0.7415 - val_loss: 0.8090 - val_main_output_loss: 0.2290 - val_aux_output_loss: 0.5179 - val_main_output_weighted_accuracy: 0.6461 - val_aux_output_weighted_accuracy: 0.2166
Epoch 12/150
Epoch 00011: val_main_output_weighted_accuracy improved from 0.64679 to 0.65117, saving model to ./bestaccseqpssmmultitask83e-4.h5
188s - loss: 0.5298 - main_output_loss: 0.2716 - aux_output_loss: 0.1984 - main_output_weighted_accuracy: 0.6768 - aux_output_weighted_accuracy: 0.7422 - val_loss: 0.8465 - val_main_output_loss: 0.2261 - val_aux_output_loss: 0.5630 - val_main_output_weighted_accuracy: 0.6512 - val_aux_output_weighted_accuracy: 0.1983
Epoch 13/150
Epoch 00012: val_main_output_weighted_accuracy improved from 0.65117 to 0.65325, saving model to ./bestaccseqpssmmultitask83e-4.h5
187s - loss: 0.5208 - main_output_loss: 0.2687 - aux_output_loss: 0.1969 - main_output_weighted_accuracy: 0.6803 - aux_output_weighted_accuracy: 0.7443 - val_loss: 0.7559 - val_main_output_loss: 0.2245 - val_aux_output_loss: 0.4783 - val_main_output_weighted_accuracy: 0.6532 - val_aux_output_weighted_accuracy: 0.2329
Epoch 14/150
Epoch 00013: val_main_output_weighted_accuracy improved from 0.65325 to 0.65507, saving model to ./bestaccseqpssmmultitask83e-4.h5
187s - loss: 0.5146 - main_output_loss: 0.2669 - aux_output_loss: 0.1964 - main_output_weighted_accuracy: 0.6820 - aux_output_weighted_accuracy: 0.7449 - val_loss: 0.7793 - val_main_output_loss: 0.2238 - val_aux_output_loss: 0.5061 - val_main_output_weighted_accuracy: 0.6551 - val_aux_output_weighted_accuracy: 0.2230
Epoch 15/150
Epoch 00014: val_main_output_weighted_accuracy did not improve
187s - loss: 0.5086 - main_output_loss: 0.2650 - aux_output_loss: 0.1958 - main_output_weighted_accuracy: 0.6840 - aux_output_weighted_accuracy: 0.7459 - val_loss: 0.8236 - val_main_output_loss: 0.2224 - val_aux_output_loss: 0.5551 - val_main_output_weighted_accuracy: 0.6550 - val_aux_output_weighted_accuracy: 0.1970
Epoch 16/150
Epoch 00015: val_main_output_weighted_accuracy did not improve
188s - loss: 0.5042 - main_output_loss: 0.2642 - aux_output_loss: 0.1953 - main_output_weighted_accuracy: 0.6850 - aux_output_weighted_accuracy: 0.7465 - val_loss: 0.7966 - val_main_output_loss: 0.2260 - val_aux_output_loss: 0.5273 - val_main_output_weighted_accuracy: 0.6527 - val_aux_output_weighted_accuracy: 0.2093
Epoch 17/150
Epoch 00016: val_main_output_weighted_accuracy improved from 0.65507 to 0.65915, saving model to ./bestaccseqpssmmultitask83e-4.h5
189s - loss: 0.4985 - main_output_loss: 0.2621 - aux_output_loss: 0.1943 - main_output_weighted_accuracy: 0.6874 - aux_output_weighted_accuracy: 0.7477 - val_loss: 0.8109 - val_main_output_loss: 0.2205 - val_aux_output_loss: 0.5497 - val_main_output_weighted_accuracy: 0.6592 - val_aux_output_weighted_accuracy: 0.1986
Epoch 18/150
Epoch 00017: val_main_output_weighted_accuracy improved from 0.65915 to 0.65973, saving model to ./bestaccseqpssmmultitask83e-4.h5
188s - loss: 0.4939 - main_output_loss: 0.2604 - aux_output_loss: 0.1939 - main_output_weighted_accuracy: 0.6893 - aux_output_weighted_accuracy: 0.7483 - val_loss: 0.7492 - val_main_output_loss: 0.2209 - val_aux_output_loss: 0.4899 - val_main_output_weighted_accuracy: 0.6597 - val_aux_output_weighted_accuracy: 0.2359
Epoch 19/150
Epoch 00018: val_main_output_weighted_accuracy improved from 0.65973 to 0.66081, saving model to ./bestaccseqpssmmultitask83e-4.h5
188s - loss: 0.4912 - main_output_loss: 0.2603 - aux_output_loss: 0.1935 - main_output_weighted_accuracy: 0.6897 - aux_output_weighted_accuracy: 0.7488 - val_loss: 0.8129 - val_main_output_loss: 0.2197 - val_aux_output_loss: 0.5568 - val_main_output_weighted_accuracy: 0.6608 - val_aux_output_weighted_accuracy: 0.2015
Epoch 20/150
Epoch 00019: val_main_output_weighted_accuracy improved from 0.66081 to 0.66147, saving model to ./bestaccseqpssmmultitask83e-4.h5
188s - loss: 0.4864 - main_output_loss: 0.2579 - aux_output_loss: 0.1930 - main_output_weighted_accuracy: 0.6924 - aux_output_weighted_accuracy: 0.7494 - val_loss: 0.8128 - val_main_output_loss: 0.2202 - val_aux_output_loss: 0.5581 - val_main_output_weighted_accuracy: 0.6615 - val_aux_output_weighted_accuracy: 0.1961
Epoch 21/150
Epoch 00020: val_main_output_weighted_accuracy improved from 0.66147 to 0.66338, saving model to ./bestaccseqpssmmultitask83e-4.h5
188s - loss: 0.4827 - main_output_loss: 0.2568 - aux_output_loss: 0.1923 - main_output_weighted_accuracy: 0.6934 - aux_output_weighted_accuracy: 0.7504 - val_loss: 0.7894 - val_main_output_loss: 0.2182 - val_aux_output_loss: 0.5385 - val_main_output_weighted_accuracy: 0.6634 - val_aux_output_weighted_accuracy: 0.2064
Epoch 22/150
Epoch 00021: val_main_output_weighted_accuracy improved from 0.66338 to 0.66625, saving model to ./bestaccseqpssmmultitask83e-4.h5
188s - loss: 0.4796 - main_output_loss: 0.2554 - aux_output_loss: 0.1922 - main_output_weighted_accuracy: 0.6952 - aux_output_weighted_accuracy: 0.7509 - val_loss: 0.8104 - val_main_output_loss: 0.2170 - val_aux_output_loss: 0.5621 - val_main_output_weighted_accuracy: 0.6663 - val_aux_output_weighted_accuracy: 0.2057
Epoch 23/150
Epoch 00022: val_main_output_weighted_accuracy improved from 0.66625 to 0.66747, saving model to ./bestaccseqpssmmultitask83e-4.h5
188s - loss: 0.4769 - main_output_loss: 0.2544 - aux_output_loss: 0.1920 - main_output_weighted_accuracy: 0.6963 - aux_output_weighted_accuracy: 0.7509 - val_loss: 0.8273 - val_main_output_loss: 0.2156 - val_aux_output_loss: 0.5820 - val_main_output_weighted_accuracy: 0.6675 - val_aux_output_weighted_accuracy: 0.1860
Epoch 24/150
Epoch 00023: val_main_output_weighted_accuracy did not improve
187s - loss: 0.4751 - main_output_loss: 0.2545 - aux_output_loss: 0.1914 - main_output_weighted_accuracy: 0.6966 - aux_output_weighted_accuracy: 0.7517 - val_loss: 0.8124 - val_main_output_loss: 0.2155 - val_aux_output_loss: 0.5684 - val_main_output_weighted_accuracy: 0.6660 - val_aux_output_weighted_accuracy: 0.1978
Epoch 25/150
Epoch 00024: val_main_output_weighted_accuracy improved from 0.66747 to 0.66815, saving model to ./bestaccseqpssmmultitask83e-4.h5
187s - loss: 0.4723 - main_output_loss: 0.2534 - aux_output_loss: 0.1910 - main_output_weighted_accuracy: 0.6976 - aux_output_weighted_accuracy: 0.7525 - val_loss: 0.8087 - val_main_output_loss: 0.2143 - val_aux_output_loss: 0.5671 - val_main_output_weighted_accuracy: 0.6682 - val_aux_output_weighted_accuracy: 0.1916
Epoch 26/150
Epoch 00025: val_main_output_weighted_accuracy improved from 0.66815 to 0.66940, saving model to ./bestaccseqpssmmultitask83e-4.h5
187s - loss: 0.4686 - main_output_loss: 0.2515 - aux_output_loss: 0.1904 - main_output_weighted_accuracy: 0.6995 - aux_output_weighted_accuracy: 0.7534 - val_loss: 0.7806 - val_main_output_loss: 0.2150 - val_aux_output_loss: 0.5394 - val_main_output_weighted_accuracy: 0.6694 - val_aux_output_weighted_accuracy: 0.2114
Epoch 27/150
Epoch 00026: val_main_output_weighted_accuracy improved from 0.66940 to 0.66957, saving model to ./bestaccseqpssmmultitask83e-4.h5
188s - loss: 0.4661 - main_output_loss: 0.2503 - aux_output_loss: 0.1901 - main_output_weighted_accuracy: 0.7012 - aux_output_weighted_accuracy: 0.7536 - val_loss: 0.8353 - val_main_output_loss: 0.2140 - val_aux_output_loss: 0.5962 - val_main_output_weighted_accuracy: 0.6696 - val_aux_output_weighted_accuracy: 0.1842
Epoch 28/150
Epoch 00027: val_main_output_weighted_accuracy improved from 0.66957 to 0.67142, saving model to ./bestaccseqpssmmultitask83e-4.h5
188s - loss: 0.4654 - main_output_loss: 0.2504 - aux_output_loss: 0.1903 - main_output_weighted_accuracy: 0.7009 - aux_output_weighted_accuracy: 0.7532 - val_loss: 0.7925 - val_main_output_loss: 0.2139 - val_aux_output_loss: 0.5544 - val_main_output_weighted_accuracy: 0.6714 - val_aux_output_weighted_accuracy: 0.2144
Epoch 29/150
Epoch 00028: val_main_output_weighted_accuracy did not improve
188s - loss: 0.4631 - main_output_loss: 0.2499 - aux_output_loss: 0.1894 - main_output_weighted_accuracy: 0.7017 - aux_output_weighted_accuracy: 0.7545 - val_loss: 0.8284 - val_main_output_loss: 0.2173 - val_aux_output_loss: 0.5877 - val_main_output_weighted_accuracy: 0.6671 - val_aux_output_weighted_accuracy: 0.1884
Epoch 30/150
Epoch 00029: val_main_output_weighted_accuracy improved from 0.67142 to 0.67246, saving model to ./bestaccseqpssmmultitask83e-4.h5
188s - loss: 0.4603 - main_output_loss: 0.2482 - aux_output_loss: 0.1891 - main_output_weighted_accuracy: 0.7038 - aux_output_weighted_accuracy: 0.7546 - val_loss: 0.8782 - val_main_output_loss: 0.2135 - val_aux_output_loss: 0.6421 - val_main_output_weighted_accuracy: 0.6725 - val_aux_output_weighted_accuracy: 0.1820
Epoch 31/150
Epoch 00030: val_main_output_weighted_accuracy improved from 0.67246 to 0.67333, saving model to ./bestaccseqpssmmultitask83e-4.h5
188s - loss: 0.4575 - main_output_loss: 0.2464 - aux_output_loss: 0.1889 - main_output_weighted_accuracy: 0.7058 - aux_output_weighted_accuracy: 0.7552 - val_loss: 0.7915 - val_main_output_loss: 0.2130 - val_aux_output_loss: 0.5567 - val_main_output_weighted_accuracy: 0.6733 - val_aux_output_weighted_accuracy: 0.2107
Epoch 32/150
Epoch 00031: val_main_output_weighted_accuracy did not improve
188s - loss: 0.4567 - main_output_loss: 0.2466 - aux_output_loss: 0.1887 - main_output_weighted_accuracy: 0.7058 - aux_output_weighted_accuracy: 0.7555 - val_loss: 0.8305 - val_main_output_loss: 0.2145 - val_aux_output_loss: 0.5949 - val_main_output_weighted_accuracy: 0.6716 - val_aux_output_weighted_accuracy: 0.1949
Epoch 33/150
Epoch 00032: val_main_output_weighted_accuracy improved from 0.67333 to 0.67414, saving model to ./bestaccseqpssmmultitask83e-4.h5
188s - loss: 0.4549 - main_output_loss: 0.2457 - aux_output_loss: 0.1885 - main_output_weighted_accuracy: 0.7061 - aux_output_weighted_accuracy: 0.7556 - val_loss: 0.8947 - val_main_output_loss: 0.2124 - val_aux_output_loss: 0.6619 - val_main_output_weighted_accuracy: 0.6741 - val_aux_output_weighted_accuracy: 0.1723
Epoch 34/150
Epoch 00033: val_main_output_weighted_accuracy improved from 0.67414 to 0.67428, saving model to ./bestaccseqpssmmultitask83e-4.h5
188s - loss: 0.4534 - main_output_loss: 0.2448 - aux_output_loss: 0.1884 - main_output_weighted_accuracy: 0.7072 - aux_output_weighted_accuracy: 0.7555 - val_loss: 0.7919 - val_main_output_loss: 0.2122 - val_aux_output_loss: 0.5598 - val_main_output_weighted_accuracy: 0.6743 - val_aux_output_weighted_accuracy: 0.2262
Epoch 35/150
Epoch 00034: val_main_output_weighted_accuracy improved from 0.67428 to 0.67606, saving model to ./bestaccseqpssmmultitask83e-4.h5
188s - loss: 0.4515 - main_output_loss: 0.2441 - aux_output_loss: 0.1878 - main_output_weighted_accuracy: 0.7080 - aux_output_weighted_accuracy: 0.7566 - val_loss: 0.8056 - val_main_output_loss: 0.2095 - val_aux_output_loss: 0.5768 - val_main_output_weighted_accuracy: 0.6761 - val_aux_output_weighted_accuracy: 0.2034
Epoch 36/150
Epoch 00035: val_main_output_weighted_accuracy did not improve
188s - loss: 0.4505 - main_output_loss: 0.2437 - aux_output_loss: 0.1877 - main_output_weighted_accuracy: 0.7086 - aux_output_weighted_accuracy: 0.7568 - val_loss: 0.8166 - val_main_output_loss: 0.2139 - val_aux_output_loss: 0.5839 - val_main_output_weighted_accuracy: 0.6709 - val_aux_output_weighted_accuracy: 0.1999
Epoch 37/150
Epoch 00036: val_main_output_weighted_accuracy did not improve
188s - loss: 0.4501 - main_output_loss: 0.2440 - aux_output_loss: 0.1874 - main_output_weighted_accuracy: 0.7083 - aux_output_weighted_accuracy: 0.7569 - val_loss: 0.8275 - val_main_output_loss: 0.2111 - val_aux_output_loss: 0.5981 - val_main_output_weighted_accuracy: 0.6757 - val_aux_output_weighted_accuracy: 0.1972
Epoch 38/150
Epoch 00037: val_main_output_weighted_accuracy did not improve
188s - loss: 0.4469 - main_output_loss: 0.2416 - aux_output_loss: 0.1872 - main_output_weighted_accuracy: 0.7113 - aux_output_weighted_accuracy: 0.7574 - val_loss: 0.8283 - val_main_output_loss: 0.2118 - val_aux_output_loss: 0.5986 - val_main_output_weighted_accuracy: 0.6759 - val_aux_output_weighted_accuracy: 0.2036
Epoch 39/150
Epoch 00038: val_main_output_weighted_accuracy improved from 0.67606 to 0.67745, saving model to ./bestaccseqpssmmultitask83e-4.h5
188s - loss: 0.4456 - main_output_loss: 0.2409 - aux_output_loss: 0.1871 - main_output_weighted_accuracy: 0.7124 - aux_output_weighted_accuracy: 0.7575 - val_loss: 0.8432 - val_main_output_loss: 0.2103 - val_aux_output_loss: 0.6154 - val_main_output_weighted_accuracy: 0.6774 - val_aux_output_weighted_accuracy: 0.1987
Epoch 40/150
Epoch 00039: val_main_output_weighted_accuracy improved from 0.67745 to 0.67846, saving model to ./bestaccseqpssmmultitask83e-4.h5
188s - loss: 0.4442 - main_output_loss: 0.2402 - aux_output_loss: 0.1867 - main_output_weighted_accuracy: 0.7135 - aux_output_weighted_accuracy: 0.7578 - val_loss: 0.8053 - val_main_output_loss: 0.2094 - val_aux_output_loss: 0.5789 - val_main_output_weighted_accuracy: 0.6785 - val_aux_output_weighted_accuracy: 0.2161
Epoch 41/150
Epoch 00040: val_main_output_weighted_accuracy improved from 0.67846 to 0.67869, saving model to ./bestaccseqpssmmultitask83e-4.h5
188s - loss: 0.4433 - main_output_loss: 0.2399 - aux_output_loss: 0.1865 - main_output_weighted_accuracy: 0.7134 - aux_output_weighted_accuracy: 0.7579 - val_loss: 0.8644 - val_main_output_loss: 0.2094 - val_aux_output_loss: 0.6383 - val_main_output_weighted_accuracy: 0.6787 - val_aux_output_weighted_accuracy: 0.1855
Epoch 42/150
Epoch 00041: val_main_output_weighted_accuracy did not improve
187s - loss: 0.4422 - main_output_loss: 0.2393 - aux_output_loss: 0.1863 - main_output_weighted_accuracy: 0.7144 - aux_output_weighted_accuracy: 0.7586 - val_loss: 0.8094 - val_main_output_loss: 0.2134 - val_aux_output_loss: 0.5797 - val_main_output_weighted_accuracy: 0.6753 - val_aux_output_weighted_accuracy: 0.2153
Epoch 43/150
Epoch 00042: val_main_output_weighted_accuracy improved from 0.67869 to 0.68001, saving model to ./bestaccseqpssmmultitask83e-4.h5
187s - loss: 0.4408 - main_output_loss: 0.2386 - aux_output_loss: 0.1861 - main_output_weighted_accuracy: 0.7147 - aux_output_weighted_accuracy: 0.7587 - val_loss: 0.8288 - val_main_output_loss: 0.2090 - val_aux_output_loss: 0.6038 - val_main_output_weighted_accuracy: 0.6800 - val_aux_output_weighted_accuracy: 0.2068
Epoch 44/150
Epoch 00043: val_main_output_weighted_accuracy did not improve
187s - loss: 0.4398 - main_output_loss: 0.2382 - aux_output_loss: 0.1858 - main_output_weighted_accuracy: 0.7149 - aux_output_weighted_accuracy: 0.7593 - val_loss: 0.8850 - val_main_output_loss: 0.2104 - val_aux_output_loss: 0.6589 - val_main_output_weighted_accuracy: 0.6796 - val_aux_output_weighted_accuracy: 0.1897
Epoch 45/150
Epoch 00044: val_main_output_weighted_accuracy improved from 0.68001 to 0.68179, saving model to ./bestaccseqpssmmultitask83e-4.h5
188s - loss: 0.4378 - main_output_loss: 0.2367 - aux_output_loss: 0.1856 - main_output_weighted_accuracy: 0.7172 - aux_output_weighted_accuracy: 0.7591 - val_loss: 0.8099 - val_main_output_loss: 0.2080 - val_aux_output_loss: 0.5866 - val_main_output_weighted_accuracy: 0.6818 - val_aux_output_weighted_accuracy: 0.2144
Epoch 46/150
Epoch 00045: val_main_output_weighted_accuracy did not improve
188s - loss: 0.4383 - main_output_loss: 0.2373 - aux_output_loss: 0.1857 - main_output_weighted_accuracy: 0.7163 - aux_output_weighted_accuracy: 0.7590 - val_loss: 0.8478 - val_main_output_loss: 0.2085 - val_aux_output_loss: 0.6242 - val_main_output_weighted_accuracy: 0.6803 - val_aux_output_weighted_accuracy: 0.1906
Epoch 47/150
Epoch 00046: val_main_output_weighted_accuracy did not improve
188s - loss: 0.4361 - main_output_loss: 0.2358 - aux_output_loss: 0.1853 - main_output_weighted_accuracy: 0.7182 - aux_output_weighted_accuracy: 0.7598 - val_loss: 0.8539 - val_main_output_loss: 0.2099 - val_aux_output_loss: 0.6292 - val_main_output_weighted_accuracy: 0.6800 - val_aux_output_weighted_accuracy: 0.2054
Epoch 48/150
Epoch 00047: val_main_output_weighted_accuracy did not improve
188s - loss: 0.4357 - main_output_loss: 0.2353 - aux_output_loss: 0.1856 - main_output_weighted_accuracy: 0.7189 - aux_output_weighted_accuracy: 0.7594 - val_loss: 0.9048 - val_main_output_loss: 0.2087 - val_aux_output_loss: 0.6815 - val_main_output_weighted_accuracy: 0.6817 - val_aux_output_weighted_accuracy: 0.1757
Epoch 49/150
Epoch 00048: val_main_output_weighted_accuracy improved from 0.68179 to 0.68188, saving model to ./bestaccseqpssmmultitask83e-4.h5
188s - loss: 0.4345 - main_output_loss: 0.2351 - aux_output_loss: 0.1849 - main_output_weighted_accuracy: 0.7188 - aux_output_weighted_accuracy: 0.7600 - val_loss: 0.8525 - val_main_output_loss: 0.2077 - val_aux_output_loss: 0.6304 - val_main_output_weighted_accuracy: 0.6819 - val_aux_output_weighted_accuracy: 0.2038
Epoch 50/150
Epoch 00049: val_main_output_weighted_accuracy improved from 0.68188 to 0.68269, saving model to ./bestaccseqpssmmultitask83e-4.h5
188s - loss: 0.4328 - main_output_loss: 0.2338 - aux_output_loss: 0.1847 - main_output_weighted_accuracy: 0.7206 - aux_output_weighted_accuracy: 0.7603 - val_loss: 0.8487 - val_main_output_loss: 0.2071 - val_aux_output_loss: 0.6274 - val_main_output_weighted_accuracy: 0.6827 - val_aux_output_weighted_accuracy: 0.2004
Epoch 51/150
Epoch 00050: val_main_output_weighted_accuracy did not improve
187s - loss: 0.4323 - main_output_loss: 0.2337 - aux_output_loss: 0.1845 - main_output_weighted_accuracy: 0.7208 - aux_output_weighted_accuracy: 0.7608 - val_loss: 0.8602 - val_main_output_loss: 0.2068 - val_aux_output_loss: 0.6394 - val_main_output_weighted_accuracy: 0.6825 - val_aux_output_weighted_accuracy: 0.1943
Epoch 52/150
Epoch 00051: val_main_output_weighted_accuracy improved from 0.68269 to 0.68344, saving model to ./bestaccseqpssmmultitask83e-4.h5
188s - loss: 0.4312 - main_output_loss: 0.2330 - aux_output_loss: 0.1843 - main_output_weighted_accuracy: 0.7211 - aux_output_weighted_accuracy: 0.7609 - val_loss: 0.8195 - val_main_output_loss: 0.2063 - val_aux_output_loss: 0.5994 - val_main_output_weighted_accuracy: 0.6834 - val_aux_output_weighted_accuracy: 0.2002
Epoch 53/150
Epoch 00052: val_main_output_weighted_accuracy improved from 0.68344 to 0.68384, saving model to ./bestaccseqpssmmultitask83e-4.h5
187s - loss: 0.4300 - main_output_loss: 0.2322 - aux_output_loss: 0.1841 - main_output_weighted_accuracy: 0.7229 - aux_output_weighted_accuracy: 0.7614 - val_loss: 0.9107 - val_main_output_loss: 0.2079 - val_aux_output_loss: 0.6892 - val_main_output_weighted_accuracy: 0.6838 - val_aux_output_weighted_accuracy: 0.1777
Epoch 54/150
Epoch 00053: val_main_output_weighted_accuracy did not improve
187s - loss: 0.4299 - main_output_loss: 0.2325 - aux_output_loss: 0.1839 - main_output_weighted_accuracy: 0.7221 - aux_output_weighted_accuracy: 0.7615 - val_loss: 0.8354 - val_main_output_loss: 0.2071 - val_aux_output_loss: 0.6149 - val_main_output_weighted_accuracy: 0.6829 - val_aux_output_weighted_accuracy: 0.1975
Epoch 55/150
Epoch 00054: val_main_output_weighted_accuracy did not improve
187s - loss: 0.4287 - main_output_loss: 0.2318 - aux_output_loss: 0.1836 - main_output_weighted_accuracy: 0.7224 - aux_output_weighted_accuracy: 0.7619 - val_loss: 0.8465 - val_main_output_loss: 0.2074 - val_aux_output_loss: 0.6259 - val_main_output_weighted_accuracy: 0.6828 - val_aux_output_weighted_accuracy: 0.1988
Epoch 56/150
Epoch 00055: val_main_output_weighted_accuracy did not improve
188s - loss: 0.4273 - main_output_loss: 0.2304 - aux_output_loss: 0.1836 - main_output_weighted_accuracy: 0.7246 - aux_output_weighted_accuracy: 0.7622 - val_loss: 0.8467 - val_main_output_loss: 0.2082 - val_aux_output_loss: 0.6254 - val_main_output_weighted_accuracy: 0.6824 - val_aux_output_weighted_accuracy: 0.2018
Epoch 57/150
Epoch 00056: val_main_output_weighted_accuracy did not improve
188s - loss: 0.4273 - main_output_loss: 0.2307 - aux_output_loss: 0.1834 - main_output_weighted_accuracy: 0.7242 - aux_output_weighted_accuracy: 0.7622 - val_loss: 0.8272 - val_main_output_loss: 0.2068 - val_aux_output_loss: 0.6074 - val_main_output_weighted_accuracy: 0.6834 - val_aux_output_weighted_accuracy: 0.2095
Epoch 58/150
Epoch 00057: val_main_output_weighted_accuracy improved from 0.68384 to 0.68519, saving model to ./bestaccseqpssmmultitask83e-4.h5
188s - loss: 0.4276 - main_output_loss: 0.2313 - aux_output_loss: 0.1834 - main_output_weighted_accuracy: 0.7234 - aux_output_weighted_accuracy: 0.7625 - val_loss: 0.8203 - val_main_output_loss: 0.2061 - val_aux_output_loss: 0.6013 - val_main_output_weighted_accuracy: 0.6852 - val_aux_output_weighted_accuracy: 0.2096
Epoch 59/150
Epoch 00058: val_main_output_weighted_accuracy did not improve
188s - loss: 0.4262 - main_output_loss: 0.2299 - aux_output_loss: 0.1834 - main_output_weighted_accuracy: 0.7249 - aux_output_weighted_accuracy: 0.7622 - val_loss: 0.9171 - val_main_output_loss: 0.2069 - val_aux_output_loss: 0.6974 - val_main_output_weighted_accuracy: 0.6829 - val_aux_output_weighted_accuracy: 0.1761
Epoch 60/150
Epoch 00059: val_main_output_weighted_accuracy did not improve
188s - loss: 0.4247 - main_output_loss: 0.2288 - aux_output_loss: 0.1832 - main_output_weighted_accuracy: 0.7263 - aux_output_weighted_accuracy: 0.7624 - val_loss: 0.8580 - val_main_output_loss: 0.2071 - val_aux_output_loss: 0.6382 - val_main_output_weighted_accuracy: 0.6838 - val_aux_output_weighted_accuracy: 0.1928
Epoch 61/150
Epoch 00060: val_main_output_weighted_accuracy improved from 0.68519 to 0.68594, saving model to ./bestaccseqpssmmultitask83e-4.h5
188s - loss: 0.4236 - main_output_loss: 0.2282 - aux_output_loss: 0.1827 - main_output_weighted_accuracy: 0.7270 - aux_output_weighted_accuracy: 0.7627 - val_loss: 0.8802 - val_main_output_loss: 0.2048 - val_aux_output_loss: 0.6629 - val_main_output_weighted_accuracy: 0.6859 - val_aux_output_weighted_accuracy: 0.1913
Epoch 62/150
Epoch 00061: val_main_output_weighted_accuracy improved from 0.68594 to 0.68648, saving model to ./bestaccseqpssmmultitask83e-4.h5
188s - loss: 0.4236 - main_output_loss: 0.2284 - aux_output_loss: 0.1826 - main_output_weighted_accuracy: 0.7268 - aux_output_weighted_accuracy: 0.7633 - val_loss: 0.9281 - val_main_output_loss: 0.2050 - val_aux_output_loss: 0.7106 - val_main_output_weighted_accuracy: 0.6865 - val_aux_output_weighted_accuracy: 0.1836
Epoch 63/150
Epoch 00062: val_main_output_weighted_accuracy did not improve
188s - loss: 0.4228 - main_output_loss: 0.2278 - aux_output_loss: 0.1826 - main_output_weighted_accuracy: 0.7274 - aux_output_weighted_accuracy: 0.7629 - val_loss: 0.9142 - val_main_output_loss: 0.2085 - val_aux_output_loss: 0.6933 - val_main_output_weighted_accuracy: 0.6842 - val_aux_output_weighted_accuracy: 0.1873
Epoch 64/150
Epoch 00063: val_main_output_weighted_accuracy improved from 0.68648 to 0.68674, saving model to ./bestaccseqpssmmultitask83e-4.h5
188s - loss: 0.4206 - main_output_loss: 0.2261 - aux_output_loss: 0.1821 - main_output_weighted_accuracy: 0.7295 - aux_output_weighted_accuracy: 0.7638 - val_loss: 0.8592 - val_main_output_loss: 0.2055 - val_aux_output_loss: 0.6414 - val_main_output_weighted_accuracy: 0.6867 - val_aux_output_weighted_accuracy: 0.2035
Epoch 65/150
Epoch 00064: val_main_output_weighted_accuracy did not improve
188s - loss: 0.4201 - main_output_loss: 0.2259 - aux_output_loss: 0.1820 - main_output_weighted_accuracy: 0.7299 - aux_output_weighted_accuracy: 0.7638 - val_loss: 0.9098 - val_main_output_loss: 0.2062 - val_aux_output_loss: 0.6914 - val_main_output_weighted_accuracy: 0.6864 - val_aux_output_weighted_accuracy: 0.1877
Epoch 66/150
Epoch 00065: val_main_output_weighted_accuracy did not improve
188s - loss: 0.4198 - main_output_loss: 0.2258 - aux_output_loss: 0.1818 - main_output_weighted_accuracy: 0.7296 - aux_output_weighted_accuracy: 0.7643 - val_loss: 0.8976 - val_main_output_loss: 0.2068 - val_aux_output_loss: 0.6786 - val_main_output_weighted_accuracy: 0.6860 - val_aux_output_weighted_accuracy: 0.1888
Epoch 67/150
Epoch 00066: val_main_output_weighted_accuracy improved from 0.68674 to 0.68691, saving model to ./bestaccseqpssmmultitask83e-4.h5
188s - loss: 0.4189 - main_output_loss: 0.2250 - aux_output_loss: 0.1818 - main_output_weighted_accuracy: 0.7307 - aux_output_weighted_accuracy: 0.7639 - val_loss: 0.8851 - val_main_output_loss: 0.2044 - val_aux_output_loss: 0.6686 - val_main_output_weighted_accuracy: 0.6869 - val_aux_output_weighted_accuracy: 0.1927
Epoch 68/150
Epoch 00067: val_main_output_weighted_accuracy improved from 0.68691 to 0.68692, saving model to ./bestaccseqpssmmultitask83e-4.h5
188s - loss: 0.4180 - main_output_loss: 0.2245 - aux_output_loss: 0.1815 - main_output_weighted_accuracy: 0.7317 - aux_output_weighted_accuracy: 0.7645 - val_loss: 0.8912 - val_main_output_loss: 0.2058 - val_aux_output_loss: 0.6734 - val_main_output_weighted_accuracy: 0.6869 - val_aux_output_weighted_accuracy: 0.2005
Epoch 69/150
Epoch 00068: val_main_output_weighted_accuracy did not improve
188s - loss: 0.4181 - main_output_loss: 0.2245 - aux_output_loss: 0.1816 - main_output_weighted_accuracy: 0.7315 - aux_output_weighted_accuracy: 0.7644 - val_loss: 0.8431 - val_main_output_loss: 0.2070 - val_aux_output_loss: 0.6243 - val_main_output_weighted_accuracy: 0.6868 - val_aux_output_weighted_accuracy: 0.2129
Epoch 70/150
Epoch 00069: val_main_output_weighted_accuracy did not improve
188s - loss: 0.4165 - main_output_loss: 0.2235 - aux_output_loss: 0.1811 - main_output_weighted_accuracy: 0.7325 - aux_output_weighted_accuracy: 0.7651 - val_loss: 0.8637 - val_main_output_loss: 0.2081 - val_aux_output_loss: 0.6438 - val_main_output_weighted_accuracy: 0.6837 - val_aux_output_weighted_accuracy: 0.2059
Epoch 71/150
Epoch 00070: val_main_output_weighted_accuracy did not improve
188s - loss: 0.4166 - main_output_loss: 0.2238 - aux_output_loss: 0.1810 - main_output_weighted_accuracy: 0.7321 - aux_output_weighted_accuracy: 0.7649 - val_loss: 0.9306 - val_main_output_loss: 0.2065 - val_aux_output_loss: 0.7123 - val_main_output_weighted_accuracy: 0.6864 - val_aux_output_weighted_accuracy: 0.1811
Epoch 72/150
Epoch 00071: val_main_output_weighted_accuracy did not improve
188s - loss: 0.4154 - main_output_loss: 0.2228 - aux_output_loss: 0.1809 - main_output_weighted_accuracy: 0.7332 - aux_output_weighted_accuracy: 0.7652 - val_loss: 0.8725 - val_main_output_loss: 0.2057 - val_aux_output_loss: 0.6551 - val_main_output_weighted_accuracy: 0.6852 - val_aux_output_weighted_accuracy: 0.2067
Epoch 73/150
Epoch 00072: val_main_output_weighted_accuracy did not improve
188s - loss: 0.4143 - main_output_loss: 0.2222 - aux_output_loss: 0.1805 - main_output_weighted_accuracy: 0.7341 - aux_output_weighted_accuracy: 0.7657 - val_loss: 0.9027 - val_main_output_loss: 0.2075 - val_aux_output_loss: 0.6836 - val_main_output_weighted_accuracy: 0.6861 - val_aux_output_weighted_accuracy: 0.1900
Epoch 74/150
Epoch 00073: val_main_output_weighted_accuracy did not improve
187s - loss: 0.4149 - main_output_loss: 0.2223 - aux_output_loss: 0.1810 - main_output_weighted_accuracy: 0.7337 - aux_output_weighted_accuracy: 0.7654 - val_loss: 0.9210 - val_main_output_loss: 0.2054 - val_aux_output_loss: 0.7040 - val_main_output_weighted_accuracy: 0.6856 - val_aux_output_weighted_accuracy: 0.1921
Epoch 75/150
Epoch 00074: val_main_output_weighted_accuracy improved from 0.68692 to 0.68718, saving model to ./bestaccseqpssmmultitask83e-4.h5
188s - loss: 0.4128 - main_output_loss: 0.2209 - aux_output_loss: 0.1802 - main_output_weighted_accuracy: 0.7355 - aux_output_weighted_accuracy: 0.7658 - val_loss: 0.9169 - val_main_output_loss: 0.2054 - val_aux_output_loss: 0.6999 - val_main_output_weighted_accuracy: 0.6872 - val_aux_output_weighted_accuracy: 0.1930
Epoch 76/150
Epoch 00075: val_main_output_weighted_accuracy improved from 0.68718 to 0.68825, saving model to ./bestaccseqpssmmultitask83e-4.h5
188s - loss: 0.4133 - main_output_loss: 0.2216 - aux_output_loss: 0.1802 - main_output_weighted_accuracy: 0.7347 - aux_output_weighted_accuracy: 0.7659 - val_loss: 0.8866 - val_main_output_loss: 0.2046 - val_aux_output_loss: 0.6705 - val_main_output_weighted_accuracy: 0.6882 - val_aux_output_weighted_accuracy: 0.2047
Epoch 77/150
Epoch 00076: val_main_output_weighted_accuracy did not improve
188s - loss: 0.4118 - main_output_loss: 0.2202 - aux_output_loss: 0.1801 - main_output_weighted_accuracy: 0.7364 - aux_output_weighted_accuracy: 0.7662 - val_loss: 0.8972 - val_main_output_loss: 0.2098 - val_aux_output_loss: 0.6759 - val_main_output_weighted_accuracy: 0.6838 - val_aux_output_weighted_accuracy: 0.1998
Epoch 78/150
Epoch 00077: val_main_output_weighted_accuracy did not improve
188s - loss: 0.4112 - main_output_loss: 0.2200 - aux_output_loss: 0.1797 - main_output_weighted_accuracy: 0.7365 - aux_output_weighted_accuracy: 0.7669 - val_loss: 0.9636 - val_main_output_loss: 0.2057 - val_aux_output_loss: 0.7464 - val_main_output_weighted_accuracy: 0.6868 - val_aux_output_weighted_accuracy: 0.1800
Epoch 79/150
Epoch 00078: val_main_output_weighted_accuracy improved from 0.68825 to 0.68858, saving model to ./bestaccseqpssmmultitask83e-4.h5
188s - loss: 0.4100 - main_output_loss: 0.2188 - aux_output_loss: 0.1797 - main_output_weighted_accuracy: 0.7379 - aux_output_weighted_accuracy: 0.7668 - val_loss: 0.8460 - val_main_output_loss: 0.2043 - val_aux_output_loss: 0.6302 - val_main_output_weighted_accuracy: 0.6886 - val_aux_output_weighted_accuracy: 0.2194
Epoch 80/150
Epoch 00079: val_main_output_weighted_accuracy did not improve
188s - loss: 0.4095 - main_output_loss: 0.2185 - aux_output_loss: 0.1796 - main_output_weighted_accuracy: 0.7381 - aux_output_weighted_accuracy: 0.7669 - val_loss: 0.8634 - val_main_output_loss: 0.2051 - val_aux_output_loss: 0.6470 - val_main_output_weighted_accuracy: 0.6876 - val_aux_output_weighted_accuracy: 0.2084
Epoch 81/150
Epoch 00080: val_main_output_weighted_accuracy did not improve
188s - loss: 0.4090 - main_output_loss: 0.2182 - aux_output_loss: 0.1794 - main_output_weighted_accuracy: 0.7388 - aux_output_weighted_accuracy: 0.7671 - val_loss: 0.9361 - val_main_output_loss: 0.2087 - val_aux_output_loss: 0.7160 - val_main_output_weighted_accuracy: 0.6849 - val_aux_output_weighted_accuracy: 0.1871
Epoch 82/150
Epoch 00081: val_main_output_weighted_accuracy did not improve
188s - loss: 0.4082 - main_output_loss: 0.2177 - aux_output_loss: 0.1792 - main_output_weighted_accuracy: 0.7391 - aux_output_weighted_accuracy: 0.7673 - val_loss: 0.8825 - val_main_output_loss: 0.2056 - val_aux_output_loss: 0.6656 - val_main_output_weighted_accuracy: 0.6880 - val_aux_output_weighted_accuracy: 0.2041
Epoch 83/150
Epoch 00082: val_main_output_weighted_accuracy did not improve
188s - loss: 0.4075 - main_output_loss: 0.2173 - aux_output_loss: 0.1789 - main_output_weighted_accuracy: 0.7393 - aux_output_weighted_accuracy: 0.7677 - val_loss: 0.8711 - val_main_output_loss: 0.2088 - val_aux_output_loss: 0.6511 - val_main_output_weighted_accuracy: 0.6858 - val_aux_output_weighted_accuracy: 0.2023
Epoch 84/150
Epoch 00083: val_main_output_weighted_accuracy did not improve
188s - loss: 0.4070 - main_output_loss: 0.2170 - aux_output_loss: 0.1787 - main_output_weighted_accuracy: 0.7399 - aux_output_weighted_accuracy: 0.7681 - val_loss: 0.8906 - val_main_output_loss: 0.2045 - val_aux_output_loss: 0.6748 - val_main_output_weighted_accuracy: 0.6885 - val_aux_output_weighted_accuracy: 0.1975
Epoch 85/150
Epoch 00084: val_main_output_weighted_accuracy did not improve
188s - loss: 0.4062 - main_output_loss: 0.2161 - aux_output_loss: 0.1788 - main_output_weighted_accuracy: 0.7403 - aux_output_weighted_accuracy: 0.7681 - val_loss: 0.8561 - val_main_output_loss: 0.2054 - val_aux_output_loss: 0.6395 - val_main_output_weighted_accuracy: 0.6867 - val_aux_output_weighted_accuracy: 0.2102
Epoch 86/150
Epoch 00085: val_main_output_weighted_accuracy did not improve
188s - loss: 0.4065 - main_output_loss: 0.2163 - aux_output_loss: 0.1789 - main_output_weighted_accuracy: 0.7408 - aux_output_weighted_accuracy: 0.7678 - val_loss: 0.9346 - val_main_output_loss: 0.2069 - val_aux_output_loss: 0.7165 - val_main_output_weighted_accuracy: 0.6879 - val_aux_output_weighted_accuracy: 0.1914
Epoch 87/150
Epoch 00086: val_main_output_weighted_accuracy did not improve
188s - loss: 0.4047 - main_output_loss: 0.2153 - aux_output_loss: 0.1782 - main_output_weighted_accuracy: 0.7417 - aux_output_weighted_accuracy: 0.7689 - val_loss: 0.9242 - val_main_output_loss: 0.2057 - val_aux_output_loss: 0.7073 - val_main_output_weighted_accuracy: 0.6878 - val_aux_output_weighted_accuracy: 0.1929
Epoch 88/150
Epoch 00087: val_main_output_weighted_accuracy did not improve
188s - loss: 0.4043 - main_output_loss: 0.2149 - aux_output_loss: 0.1782 - main_output_weighted_accuracy: 0.7423 - aux_output_weighted_accuracy: 0.7686 - val_loss: 0.8740 - val_main_output_loss: 0.2057 - val_aux_output_loss: 0.6571 - val_main_output_weighted_accuracy: 0.6856 - val_aux_output_weighted_accuracy: 0.2182
Epoch 89/150
Epoch 00088: val_main_output_weighted_accuracy did not improve
188s - loss: 0.4039 - main_output_loss: 0.2147 - aux_output_loss: 0.1780 - main_output_weighted_accuracy: 0.7423 - aux_output_weighted_accuracy: 0.7689 - val_loss: 0.9268 - val_main_output_loss: 0.2082 - val_aux_output_loss: 0.7075 - val_main_output_weighted_accuracy: 0.6868 - val_aux_output_weighted_accuracy: 0.1955
Epoch 90/150
Epoch 00089: val_main_output_weighted_accuracy did not improve
187s - loss: 0.4025 - main_output_loss: 0.2136 - aux_output_loss: 0.1777 - main_output_weighted_accuracy: 0.7439 - aux_output_weighted_accuracy: 0.7694 - val_loss: 0.9584 - val_main_output_loss: 0.2054 - val_aux_output_loss: 0.7419 - val_main_output_weighted_accuracy: 0.6878 - val_aux_output_weighted_accuracy: 0.1923
Epoch 91/150
Epoch 00090: val_main_output_weighted_accuracy did not improve
188s - loss: 0.4019 - main_output_loss: 0.2131 - aux_output_loss: 0.1776 - main_output_weighted_accuracy: 0.7444 - aux_output_weighted_accuracy: 0.7693 - val_loss: 0.9588 - val_main_output_loss: 0.2069 - val_aux_output_loss: 0.7409 - val_main_output_weighted_accuracy: 0.6870 - val_aux_output_weighted_accuracy: 0.1861
Epoch 92/150
Epoch 00091: val_main_output_weighted_accuracy improved from 0.68858 to 0.68876, saving model to ./bestaccseqpssmmultitask83e-4.h5
188s - loss: 0.4011 - main_output_loss: 0.2126 - aux_output_loss: 0.1774 - main_output_weighted_accuracy: 0.7451 - aux_output_weighted_accuracy: 0.7698 - val_loss: 0.9596 - val_main_output_loss: 0.2052 - val_aux_output_loss: 0.7433 - val_main_output_weighted_accuracy: 0.6888 - val_aux_output_weighted_accuracy: 0.1852
Epoch 93/150
Epoch 00092: val_main_output_weighted_accuracy did not improve
188s - loss: 0.4010 - main_output_loss: 0.2125 - aux_output_loss: 0.1775 - main_output_weighted_accuracy: 0.7451 - aux_output_weighted_accuracy: 0.7699 - val_loss: 0.8761 - val_main_output_loss: 0.2065 - val_aux_output_loss: 0.6586 - val_main_output_weighted_accuracy: 0.6875 - val_aux_output_weighted_accuracy: 0.2243
Epoch 94/150
Epoch 00093: val_main_output_weighted_accuracy did not improve
188s - loss: 0.4003 - main_output_loss: 0.2121 - aux_output_loss: 0.1772 - main_output_weighted_accuracy: 0.7453 - aux_output_weighted_accuracy: 0.7700 - val_loss: 0.9531 - val_main_output_loss: 0.2072 - val_aux_output_loss: 0.7349 - val_main_output_weighted_accuracy: 0.6879 - val_aux_output_weighted_accuracy: 0.1927
Epoch 95/150
Epoch 00094: val_main_output_weighted_accuracy did not improve
188s - loss: 0.4008 - main_output_loss: 0.2123 - aux_output_loss: 0.1774 - main_output_weighted_accuracy: 0.7450 - aux_output_weighted_accuracy: 0.7697 - val_loss: 0.9162 - val_main_output_loss: 0.2073 - val_aux_output_loss: 0.6978 - val_main_output_weighted_accuracy: 0.6877 - val_aux_output_weighted_accuracy: 0.1955
Epoch 96/150
Epoch 00095: val_main_output_weighted_accuracy did not improve
188s - loss: 0.3990 - main_output_loss: 0.2112 - aux_output_loss: 0.1768 - main_output_weighted_accuracy: 0.7461 - aux_output_weighted_accuracy: 0.7704 - val_loss: 0.9869 - val_main_output_loss: 0.2073 - val_aux_output_loss: 0.7685 - val_main_output_weighted_accuracy: 0.6879 - val_aux_output_weighted_accuracy: 0.1771
Epoch 97/150
Epoch 00096: val_main_output_weighted_accuracy did not improve
188s - loss: 0.3987 - main_output_loss: 0.2110 - aux_output_loss: 0.1767 - main_output_weighted_accuracy: 0.7466 - aux_output_weighted_accuracy: 0.7706 - val_loss: 0.9184 - val_main_output_loss: 0.2076 - val_aux_output_loss: 0.6998 - val_main_output_weighted_accuracy: 0.6867 - val_aux_output_weighted_accuracy: 0.2072
Epoch 98/150
Epoch 00097: val_main_output_weighted_accuracy did not improve
188s - loss: 0.3984 - main_output_loss: 0.2105 - aux_output_loss: 0.1768 - main_output_weighted_accuracy: 0.7471 - aux_output_weighted_accuracy: 0.7704 - val_loss: 0.8906 - val_main_output_loss: 0.2064 - val_aux_output_loss: 0.6731 - val_main_output_weighted_accuracy: 0.6875 - val_aux_output_weighted_accuracy: 0.2093
Epoch 99/150
Epoch 00098: val_main_output_weighted_accuracy improved from 0.68876 to 0.68888, saving model to ./bestaccseqpssmmultitask83e-4.h5
188s - loss: 0.3988 - main_output_loss: 0.2112 - aux_output_loss: 0.1766 - main_output_weighted_accuracy: 0.7464 - aux_output_weighted_accuracy: 0.7711 - val_loss: 0.9496 - val_main_output_loss: 0.2055 - val_aux_output_loss: 0.7330 - val_main_output_weighted_accuracy: 0.6889 - val_aux_output_weighted_accuracy: 0.1962
Epoch 100/150
Epoch 00099: val_main_output_weighted_accuracy did not improve
188s - loss: 0.3966 - main_output_loss: 0.2092 - aux_output_loss: 0.1764 - main_output_weighted_accuracy: 0.7486 - aux_output_weighted_accuracy: 0.7710 - val_loss: 0.9665 - val_main_output_loss: 0.2057 - val_aux_output_loss: 0.7497 - val_main_output_weighted_accuracy: 0.6878 - val_aux_output_weighted_accuracy: 0.1880
Epoch 101/150
Epoch 00100: val_main_output_weighted_accuracy did not improve
188s - loss: 0.3964 - main_output_loss: 0.2093 - aux_output_loss: 0.1761 - main_output_weighted_accuracy: 0.7489 - aux_output_weighted_accuracy: 0.7715 - val_loss: 0.9952 - val_main_output_loss: 0.2071 - val_aux_output_loss: 0.7771 - val_main_output_weighted_accuracy: 0.6886 - val_aux_output_weighted_accuracy: 0.1828
Epoch 102/150
Epoch 00101: val_main_output_weighted_accuracy did not improve
188s - loss: 0.3959 - main_output_loss: 0.2088 - aux_output_loss: 0.1760 - main_output_weighted_accuracy: 0.7488 - aux_output_weighted_accuracy: 0.7715 - val_loss: 0.9189 - val_main_output_loss: 0.2070 - val_aux_output_loss: 0.7009 - val_main_output_weighted_accuracy: 0.6880 - val_aux_output_weighted_accuracy: 0.2102
Epoch 103/150
Epoch 00102: val_main_output_weighted_accuracy did not improve
188s - loss: 0.3949 - main_output_loss: 0.2079 - aux_output_loss: 0.1760 - main_output_weighted_accuracy: 0.7502 - aux_output_weighted_accuracy: 0.7717 - val_loss: 0.9525 - val_main_output_loss: 0.2082 - val_aux_output_loss: 0.7333 - val_main_output_weighted_accuracy: 0.6872 - val_aux_output_weighted_accuracy: 0.1913
Epoch 104/150
Epoch 00103: val_main_output_weighted_accuracy did not improve
188s - loss: 0.3941 - main_output_loss: 0.2076 - aux_output_loss: 0.1755 - main_output_weighted_accuracy: 0.7508 - aux_output_weighted_accuracy: 0.7722 - val_loss: 0.8979 - val_main_output_loss: 0.2067 - val_aux_output_loss: 0.6801 - val_main_output_weighted_accuracy: 0.6881 - val_aux_output_weighted_accuracy: 0.2105
Epoch 105/150
Epoch 00104: val_main_output_weighted_accuracy did not improve
188s - loss: 0.3935 - main_output_loss: 0.2070 - aux_output_loss: 0.1755 - main_output_weighted_accuracy: 0.7515 - aux_output_weighted_accuracy: 0.7723 - val_loss: 0.9486 - val_main_output_loss: 0.2079 - val_aux_output_loss: 0.7296 - val_main_output_weighted_accuracy: 0.6888 - val_aux_output_weighted_accuracy: 0.1988
Epoch 106/150
Epoch 00105: val_main_output_weighted_accuracy improved from 0.68888 to 0.68982, saving model to ./bestaccseqpssmmultitask83e-4.h5
188s - loss: 0.3927 - main_output_loss: 0.2064 - aux_output_loss: 0.1753 - main_output_weighted_accuracy: 0.7519 - aux_output_weighted_accuracy: 0.7726 - val_loss: 0.9683 - val_main_output_loss: 0.2070 - val_aux_output_loss: 0.7503 - val_main_output_weighted_accuracy: 0.6898 - val_aux_output_weighted_accuracy: 0.1894
Epoch 107/150
Epoch 00106: val_main_output_weighted_accuracy did not improve
188s - loss: 0.3914 - main_output_loss: 0.2054 - aux_output_loss: 0.1750 - main_output_weighted_accuracy: 0.7533 - aux_output_weighted_accuracy: 0.7726 - val_loss: 0.9340 - val_main_output_loss: 0.2072 - val_aux_output_loss: 0.7159 - val_main_output_weighted_accuracy: 0.6889 - val_aux_output_weighted_accuracy: 0.2010
Epoch 108/150
Epoch 00107: val_main_output_weighted_accuracy did not improve
188s - loss: 0.3920 - main_output_loss: 0.2058 - aux_output_loss: 0.1753 - main_output_weighted_accuracy: 0.7524 - aux_output_weighted_accuracy: 0.7724 - val_loss: 0.9488 - val_main_output_loss: 0.2074 - val_aux_output_loss: 0.7304 - val_main_output_weighted_accuracy: 0.6860 - val_aux_output_weighted_accuracy: 0.2001
Epoch 109/150
Epoch 00108: val_main_output_weighted_accuracy did not improve
188s - loss: 0.3909 - main_output_loss: 0.2050 - aux_output_loss: 0.1749 - main_output_weighted_accuracy: 0.7533 - aux_output_weighted_accuracy: 0.7730 - val_loss: 0.9548 - val_main_output_loss: 0.2076 - val_aux_output_loss: 0.7363 - val_main_output_weighted_accuracy: 0.6895 - val_aux_output_weighted_accuracy: 0.1989
Epoch 110/150
Epoch 00109: val_main_output_weighted_accuracy did not improve
188s - loss: 0.3901 - main_output_loss: 0.2045 - aux_output_loss: 0.1746 - main_output_weighted_accuracy: 0.7537 - aux_output_weighted_accuracy: 0.7736 - val_loss: 0.9750 - val_main_output_loss: 0.2078 - val_aux_output_loss: 0.7563 - val_main_output_weighted_accuracy: 0.6887 - val_aux_output_weighted_accuracy: 0.1895
Epoch 111/150
Epoch 00110: val_main_output_weighted_accuracy did not improve
188s - loss: 0.3896 - main_output_loss: 0.2042 - aux_output_loss: 0.1744 - main_output_weighted_accuracy: 0.7545 - aux_output_weighted_accuracy: 0.7739 - val_loss: 0.9467 - val_main_output_loss: 0.2078 - val_aux_output_loss: 0.7279 - val_main_output_weighted_accuracy: 0.6870 - val_aux_output_weighted_accuracy: 0.1998
Epoch 112/150
Epoch 00111: val_main_output_weighted_accuracy did not improve
188s - loss: 0.3891 - main_output_loss: 0.2039 - aux_output_loss: 0.1743 - main_output_weighted_accuracy: 0.7545 - aux_output_weighted_accuracy: 0.7742 - val_loss: 0.9944 - val_main_output_loss: 0.2081 - val_aux_output_loss: 0.7754 - val_main_output_weighted_accuracy: 0.6894 - val_aux_output_weighted_accuracy: 0.1952
Epoch 113/150
Epoch 00112: val_main_output_weighted_accuracy improved from 0.68982 to 0.69032, saving model to ./bestaccseqpssmmultitask83e-4.h5
188s - loss: 0.3883 - main_output_loss: 0.2031 - aux_output_loss: 0.1742 - main_output_weighted_accuracy: 0.7556 - aux_output_weighted_accuracy: 0.7741 - val_loss: 0.9578 - val_main_output_loss: 0.2064 - val_aux_output_loss: 0.7405 - val_main_output_weighted_accuracy: 0.6903 - val_aux_output_weighted_accuracy: 0.1964
Epoch 114/150
Epoch 00113: val_main_output_weighted_accuracy did not improve
188s - loss: 0.3880 - main_output_loss: 0.2031 - aux_output_loss: 0.1740 - main_output_weighted_accuracy: 0.7556 - aux_output_weighted_accuracy: 0.7741 - val_loss: 0.9984 - val_main_output_loss: 0.2090 - val_aux_output_loss: 0.7785 - val_main_output_weighted_accuracy: 0.6878 - val_aux_output_weighted_accuracy: 0.1857
Epoch 115/150
Epoch 00114: val_main_output_weighted_accuracy did not improve
188s - loss: 0.3878 - main_output_loss: 0.2028 - aux_output_loss: 0.1741 - main_output_weighted_accuracy: 0.7565 - aux_output_weighted_accuracy: 0.7742 - val_loss: 1.0271 - val_main_output_loss: 0.2115 - val_aux_output_loss: 0.8047 - val_main_output_weighted_accuracy: 0.6855 - val_aux_output_weighted_accuracy: 0.1813
Epoch 116/150
Epoch 00115: val_main_output_weighted_accuracy did not improve
188s - loss: 0.3875 - main_output_loss: 0.2028 - aux_output_loss: 0.1738 - main_output_weighted_accuracy: 0.7563 - aux_output_weighted_accuracy: 0.7745 - val_loss: 0.9398 - val_main_output_loss: 0.2189 - val_aux_output_loss: 0.7100 - val_main_output_weighted_accuracy: 0.6797 - val_aux_output_weighted_accuracy: 0.2006
Epoch 117/150
Epoch 00116: val_main_output_weighted_accuracy did not improve
188s - loss: 0.3884 - main_output_loss: 0.2036 - aux_output_loss: 0.1738 - main_output_weighted_accuracy: 0.7554 - aux_output_weighted_accuracy: 0.7746 - val_loss: 1.0108 - val_main_output_loss: 0.2082 - val_aux_output_loss: 0.7916 - val_main_output_weighted_accuracy: 0.6877 - val_aux_output_weighted_accuracy: 0.1825
Epoch 118/150
Epoch 00117: val_main_output_weighted_accuracy did not improve
188s - loss: 0.3883 - main_output_loss: 0.2032 - aux_output_loss: 0.1742 - main_output_weighted_accuracy: 0.7557 - aux_output_weighted_accuracy: 0.7740 - val_loss: 0.9531 - val_main_output_loss: 0.2086 - val_aux_output_loss: 0.7334 - val_main_output_weighted_accuracy: 0.6868 - val_aux_output_weighted_accuracy: 0.2000
Epoch 119/150
Epoch 00118: val_main_output_weighted_accuracy did not improve
188s - loss: 0.3850 - main_output_loss: 0.2008 - aux_output_loss: 0.1731 - main_output_weighted_accuracy: 0.7580 - aux_output_weighted_accuracy: 0.7758 - val_loss: 1.0033 - val_main_output_loss: 0.2083 - val_aux_output_loss: 0.7840 - val_main_output_weighted_accuracy: 0.6890 - val_aux_output_weighted_accuracy: 0.1808
Epoch 120/150
Epoch 00119: val_main_output_weighted_accuracy did not improve
188s - loss: 0.3849 - main_output_loss: 0.2008 - aux_output_loss: 0.1731 - main_output_weighted_accuracy: 0.7586 - aux_output_weighted_accuracy: 0.7756 - val_loss: 1.0238 - val_main_output_loss: 0.2077 - val_aux_output_loss: 0.8051 - val_main_output_weighted_accuracy: 0.6891 - val_aux_output_weighted_accuracy: 0.1783
Epoch 121/150
Epoch 00120: val_main_output_weighted_accuracy did not improve
188s - loss: 0.3834 - main_output_loss: 0.1997 - aux_output_loss: 0.1728 - main_output_weighted_accuracy: 0.7599 - aux_output_weighted_accuracy: 0.7760 - val_loss: 0.9900 - val_main_output_loss: 0.2097 - val_aux_output_loss: 0.7692 - val_main_output_weighted_accuracy: 0.6874 - val_aux_output_weighted_accuracy: 0.1937
Epoch 122/150
Epoch 00121: val_main_output_weighted_accuracy did not improve
188s - loss: 0.3825 - main_output_loss: 0.1989 - aux_output_loss: 0.1726 - main_output_weighted_accuracy: 0.7604 - aux_output_weighted_accuracy: 0.7761 - val_loss: 0.9560 - val_main_output_loss: 0.2103 - val_aux_output_loss: 0.7347 - val_main_output_weighted_accuracy: 0.6874 - val_aux_output_weighted_accuracy: 0.2067
Epoch 123/150
Epoch 00122: val_main_output_weighted_accuracy did not improve
188s - loss: 0.3823 - main_output_loss: 0.1986 - aux_output_loss: 0.1727 - main_output_weighted_accuracy: 0.7611 - aux_output_weighted_accuracy: 0.7762 - val_loss: 0.9959 - val_main_output_loss: 0.2115 - val_aux_output_loss: 0.7734 - val_main_output_weighted_accuracy: 0.6860 - val_aux_output_weighted_accuracy: 0.1859
Epoch 124/150
Epoch 00123: val_main_output_weighted_accuracy did not improve
188s - loss: 0.3820 - main_output_loss: 0.1984 - aux_output_loss: 0.1727 - main_output_weighted_accuracy: 0.7613 - aux_output_weighted_accuracy: 0.7760 - val_loss: 0.9591 - val_main_output_loss: 0.2090 - val_aux_output_loss: 0.7392 - val_main_output_weighted_accuracy: 0.6880 - val_aux_output_weighted_accuracy: 0.2085
Epoch 125/150
Epoch 00124: val_main_output_weighted_accuracy did not improve
188s - loss: 0.3809 - main_output_loss: 0.1977 - aux_output_loss: 0.1722 - main_output_weighted_accuracy: 0.7621 - aux_output_weighted_accuracy: 0.7766 - val_loss: 0.9979 - val_main_output_loss: 0.2112 - val_aux_output_loss: 0.7758 - val_main_output_weighted_accuracy: 0.6876 - val_aux_output_weighted_accuracy: 0.1893
Epoch 126/150
Epoch 00125: val_main_output_weighted_accuracy did not improve
188s - loss: 0.3807 - main_output_loss: 0.1974 - aux_output_loss: 0.1724 - main_output_weighted_accuracy: 0.7623 - aux_output_weighted_accuracy: 0.7761 - val_loss: 1.0150 - val_main_output_loss: 0.2117 - val_aux_output_loss: 0.7924 - val_main_output_weighted_accuracy: 0.6862 - val_aux_output_weighted_accuracy: 0.1796
Epoch 127/150
Epoch 00126: val_main_output_weighted_accuracy did not improve
188s - loss: 0.3833 - main_output_loss: 0.1993 - aux_output_loss: 0.1730 - main_output_weighted_accuracy: 0.7601 - aux_output_weighted_accuracy: 0.7755 - val_loss: 0.9606 - val_main_output_loss: 0.2107 - val_aux_output_loss: 0.7390 - val_main_output_weighted_accuracy: 0.6868 - val_aux_output_weighted_accuracy: 0.2041
Epoch 128/150
Epoch 00127: val_main_output_weighted_accuracy did not improve
188s - loss: 0.3825 - main_output_loss: 0.1988 - aux_output_loss: 0.1727 - main_output_weighted_accuracy: 0.7609 - aux_output_weighted_accuracy: 0.7763 - val_loss: 1.0035 - val_main_output_loss: 0.2108 - val_aux_output_loss: 0.7817 - val_main_output_weighted_accuracy: 0.6847 - val_aux_output_weighted_accuracy: 0.1934
Epoch 129/150
Epoch 00128: val_main_output_weighted_accuracy did not improve
188s - loss: 0.3790 - main_output_loss: 0.1963 - aux_output_loss: 0.1718 - main_output_weighted_accuracy: 0.7639 - aux_output_weighted_accuracy: 0.7772 - val_loss: 1.0751 - val_main_output_loss: 0.2114 - val_aux_output_loss: 0.8526 - val_main_output_weighted_accuracy: 0.6871 - val_aux_output_weighted_accuracy: 0.1857
Epoch 130/150
Epoch 00129: val_main_output_weighted_accuracy did not improve
188s - loss: 0.3784 - main_output_loss: 0.1958 - aux_output_loss: 0.1716 - main_output_weighted_accuracy: 0.7644 - aux_output_weighted_accuracy: 0.7775 - val_loss: 1.0241 - val_main_output_loss: 0.2137 - val_aux_output_loss: 0.7994 - val_main_output_weighted_accuracy: 0.6872 - val_aux_output_weighted_accuracy: 0.2019
Epoch 131/150
Epoch 00130: val_main_output_weighted_accuracy did not improve
186s - loss: 0.3782 - main_output_loss: 0.1959 - aux_output_loss: 0.1713 - main_output_weighted_accuracy: 0.7641 - aux_output_weighted_accuracy: 0.7777 - val_loss: 0.9667 - val_main_output_loss: 0.2105 - val_aux_output_loss: 0.7452 - val_main_output_weighted_accuracy: 0.6871 - val_aux_output_weighted_accuracy: 0.1986
Epoch 132/150
Epoch 00131: val_main_output_weighted_accuracy did not improve
186s - loss: 0.3775 - main_output_loss: 0.1952 - aux_output_loss: 0.1713 - main_output_weighted_accuracy: 0.7653 - aux_output_weighted_accuracy: 0.7781 - val_loss: 1.0094 - val_main_output_loss: 0.2120 - val_aux_output_loss: 0.7864 - val_main_output_weighted_accuracy: 0.6871 - val_aux_output_weighted_accuracy: 0.1823
Epoch 133/150
Epoch 00132: val_main_output_weighted_accuracy did not improve
186s - loss: 0.3766 - main_output_loss: 0.1944 - aux_output_loss: 0.1713 - main_output_weighted_accuracy: 0.7660 - aux_output_weighted_accuracy: 0.7780 - val_loss: 1.0020 - val_main_output_loss: 0.2113 - val_aux_output_loss: 0.7798 - val_main_output_weighted_accuracy: 0.6880 - val_aux_output_weighted_accuracy: 0.1934
Epoch 134/150
Epoch 00133: val_main_output_weighted_accuracy did not improve
185s - loss: 0.3758 - main_output_loss: 0.1939 - aux_output_loss: 0.1710 - main_output_weighted_accuracy: 0.7662 - aux_output_weighted_accuracy: 0.7784 - val_loss: 0.9746 - val_main_output_loss: 0.2123 - val_aux_output_loss: 0.7514 - val_main_output_weighted_accuracy: 0.6869 - val_aux_output_weighted_accuracy: 0.2080
Epoch 135/150
Epoch 00134: val_main_output_weighted_accuracy did not improve
185s - loss: 0.3753 - main_output_loss: 0.1936 - aux_output_loss: 0.1708 - main_output_weighted_accuracy: 0.7667 - aux_output_weighted_accuracy: 0.7788 - val_loss: 0.9950 - val_main_output_loss: 0.2122 - val_aux_output_loss: 0.7718 - val_main_output_weighted_accuracy: 0.6886 - val_aux_output_weighted_accuracy: 0.1895
Epoch 136/150
Epoch 00135: val_main_output_weighted_accuracy did not improve
185s - loss: 0.3747 - main_output_loss: 0.1931 - aux_output_loss: 0.1707 - main_output_weighted_accuracy: 0.7670 - aux_output_weighted_accuracy: 0.7788 - val_loss: 1.0402 - val_main_output_loss: 0.2113 - val_aux_output_loss: 0.8180 - val_main_output_weighted_accuracy: 0.6880 - val_aux_output_weighted_accuracy: 0.1830
Epoch 137/150
Epoch 00136: val_main_output_weighted_accuracy did not improve
185s - loss: 0.3742 - main_output_loss: 0.1924 - aux_output_loss: 0.1709 - main_output_weighted_accuracy: 0.7683 - aux_output_weighted_accuracy: 0.7784 - val_loss: 0.9814 - val_main_output_loss: 0.2103 - val_aux_output_loss: 0.7602 - val_main_output_weighted_accuracy: 0.6882 - val_aux_output_weighted_accuracy: 0.2087
Epoch 138/150
Epoch 00137: val_main_output_weighted_accuracy did not improve
185s - loss: 0.3735 - main_output_loss: 0.1922 - aux_output_loss: 0.1704 - main_output_weighted_accuracy: 0.7682 - aux_output_weighted_accuracy: 0.7793 - val_loss: 1.0476 - val_main_output_loss: 0.2123 - val_aux_output_loss: 0.8244 - val_main_output_weighted_accuracy: 0.6874 - val_aux_output_weighted_accuracy: 0.1878
Epoch 139/150
Epoch 00138: val_main_output_weighted_accuracy did not improve
185s - loss: 0.3727 - main_output_loss: 0.1915 - aux_output_loss: 0.1703 - main_output_weighted_accuracy: 0.7690 - aux_output_weighted_accuracy: 0.7794 - val_loss: 1.0727 - val_main_output_loss: 0.2112 - val_aux_output_loss: 0.8506 - val_main_output_weighted_accuracy: 0.6880 - val_aux_output_weighted_accuracy: 0.1870
Epoch 140/150
Epoch 00139: val_main_output_weighted_accuracy did not improve
185s - loss: 0.3725 - main_output_loss: 0.1915 - aux_output_loss: 0.1702 - main_output_weighted_accuracy: 0.7688 - aux_output_weighted_accuracy: 0.7794 - val_loss: 1.0568 - val_main_output_loss: 0.2115 - val_aux_output_loss: 0.8345 - val_main_output_weighted_accuracy: 0.6852 - val_aux_output_weighted_accuracy: 0.1912
Epoch 141/150
Epoch 00140: val_main_output_weighted_accuracy did not improve
186s - loss: 0.3724 - main_output_loss: 0.1914 - aux_output_loss: 0.1701 - main_output_weighted_accuracy: 0.7691 - aux_output_weighted_accuracy: 0.7798 - val_loss: 1.0317 - val_main_output_loss: 0.2113 - val_aux_output_loss: 0.8096 - val_main_output_weighted_accuracy: 0.6879 - val_aux_output_weighted_accuracy: 0.1948
Epoch 142/150
Epoch 00141: val_main_output_weighted_accuracy did not improve
186s - loss: 0.3711 - main_output_loss: 0.1903 - aux_output_loss: 0.1699 - main_output_weighted_accuracy: 0.7702 - aux_output_weighted_accuracy: 0.7799 - val_loss: 1.1202 - val_main_output_loss: 0.2130 - val_aux_output_loss: 0.8962 - val_main_output_weighted_accuracy: 0.6839 - val_aux_output_weighted_accuracy: 0.1867
Epoch 143/150
Epoch 00142: val_main_output_weighted_accuracy did not improve
186s - loss: 0.3705 - main_output_loss: 0.1900 - aux_output_loss: 0.1696 - main_output_weighted_accuracy: 0.7707 - aux_output_weighted_accuracy: 0.7803 - val_loss: 1.0546 - val_main_output_loss: 0.2110 - val_aux_output_loss: 0.8327 - val_main_output_weighted_accuracy: 0.6863 - val_aux_output_weighted_accuracy: 0.1838
Epoch 144/150
Epoch 00143: val_main_output_weighted_accuracy did not improve
186s - loss: 0.3700 - main_output_loss: 0.1894 - aux_output_loss: 0.1697 - main_output_weighted_accuracy: 0.7715 - aux_output_weighted_accuracy: 0.7803 - val_loss: 1.0788 - val_main_output_loss: 0.2128 - val_aux_output_loss: 0.8551 - val_main_output_weighted_accuracy: 0.6864 - val_aux_output_weighted_accuracy: 0.1838
Epoch 145/150
Epoch 00144: val_main_output_weighted_accuracy did not improve
186s - loss: 0.3697 - main_output_loss: 0.1893 - aux_output_loss: 0.1695 - main_output_weighted_accuracy: 0.7717 - aux_output_weighted_accuracy: 0.7802 - val_loss: 1.0438 - val_main_output_loss: 0.2161 - val_aux_output_loss: 0.8169 - val_main_output_weighted_accuracy: 0.6864 - val_aux_output_weighted_accuracy: 0.1916
Epoch 146/150
Epoch 00145: val_main_output_weighted_accuracy did not improve
186s - loss: 0.3690 - main_output_loss: 0.1890 - aux_output_loss: 0.1691 - main_output_weighted_accuracy: 0.7720 - aux_output_weighted_accuracy: 0.7806 - val_loss: 1.0663 - val_main_output_loss: 0.2137 - val_aux_output_loss: 0.8417 - val_main_output_weighted_accuracy: 0.6869 - val_aux_output_weighted_accuracy: 0.1947
Epoch 147/150
Epoch 00146: val_main_output_weighted_accuracy did not improve
186s - loss: 0.3687 - main_output_loss: 0.1885 - aux_output_loss: 0.1693 - main_output_weighted_accuracy: 0.7725 - aux_output_weighted_accuracy: 0.7806 - val_loss: 0.9925 - val_main_output_loss: 0.2156 - val_aux_output_loss: 0.7661 - val_main_output_weighted_accuracy: 0.6850 - val_aux_output_weighted_accuracy: 0.2082
Epoch 148/150
Epoch 00147: val_main_output_weighted_accuracy did not improve
186s - loss: 0.3673 - main_output_loss: 0.1874 - aux_output_loss: 0.1690 - main_output_weighted_accuracy: 0.7736 - aux_output_weighted_accuracy: 0.7810 - val_loss: 1.0689 - val_main_output_loss: 0.2160 - val_aux_output_loss: 0.8421 - val_main_output_weighted_accuracy: 0.6853 - val_aux_output_weighted_accuracy: 0.1926
Epoch 149/150
Epoch 00148: val_main_output_weighted_accuracy did not improve
186s - loss: 0.3670 - main_output_loss: 0.1875 - aux_output_loss: 0.1686 - main_output_weighted_accuracy: 0.7735 - aux_output_weighted_accuracy: 0.7812 - val_loss: 1.0721 - val_main_output_loss: 0.2157 - val_aux_output_loss: 0.8455 - val_main_output_weighted_accuracy: 0.6841 - val_aux_output_weighted_accuracy: 0.1936
Epoch 150/150
Epoch 00149: val_main_output_weighted_accuracy did not improve
186s - loss: 0.3665 - main_output_loss: 0.1869 - aux_output_loss: 0.1687 - main_output_weighted_accuracy: 0.7744 - aux_output_weighted_accuracy: 0.7815 - val_loss: 1.0756 - val_main_output_loss: 0.2152 - val_aux_output_loss: 0.8496 - val_main_output_weighted_accuracy: 0.6837 - val_aux_output_weighted_accuracy: 0.1837
